2024-03-25T00:00:50.105+09:00  INFO 6384 --- [sboard] [restartedMain] kr.co.sboard.SboardApplication           : Starting SboardApplication using Java 17.0.10 with PID 6384 (C:\Users\yeana\Desktop\workspace\Spring\sboard\build\classes\java\main started by yeana in C:\Users\yeana\Desktop\workspace\Spring\sboard)
2024-03-25T00:00:50.112+09:00  INFO 6384 --- [sboard] [restartedMain] kr.co.sboard.SboardApplication           : No active profile set, falling back to 1 default profile: "default"
2024-03-25T00:00:50.410+09:00  INFO 6384 --- [sboard] [restartedMain] .e.DevToolsPropertyDefaultsPostProcessor : Devtools property defaults active! Set 'spring.devtools.add-properties' to 'false' to disable
2024-03-25T00:00:50.410+09:00  INFO 6384 --- [sboard] [restartedMain] .e.DevToolsPropertyDefaultsPostProcessor : For additional web related logging consider setting the 'logging.level.web' property to 'DEBUG'
2024-03-25T00:00:51.323+09:00  INFO 6384 --- [sboard] [restartedMain] .s.d.r.c.RepositoryConfigurationDelegate : Bootstrapping Spring Data JPA repositories in DEFAULT mode.
2024-03-25T00:00:51.388+09:00  INFO 6384 --- [sboard] [restartedMain] .s.d.r.c.RepositoryConfigurationDelegate : Finished Spring Data repository scanning in 54 ms. Found 4 JPA repository interfaces.
2024-03-25T00:00:52.112+09:00  INFO 6384 --- [sboard] [restartedMain] o.s.b.w.embedded.tomcat.TomcatWebServer  : Tomcat initialized with port 8080 (http)
2024-03-25T00:00:52.126+09:00  INFO 6384 --- [sboard] [restartedMain] o.apache.catalina.core.StandardService   : Starting service [Tomcat]
2024-03-25T00:00:52.126+09:00  INFO 6384 --- [sboard] [restartedMain] o.apache.catalina.core.StandardEngine    : Starting Servlet engine: [Apache Tomcat/10.1.19]
2024-03-25T00:00:52.184+09:00  INFO 6384 --- [sboard] [restartedMain] o.a.c.c.C.[.[localhost].[/sboard]        : Initializing Spring embedded WebApplicationContext
2024-03-25T00:00:52.185+09:00  INFO 6384 --- [sboard] [restartedMain] w.s.c.ServletWebServerApplicationContext : Root WebApplicationContext: initialization completed in 1774 ms
2024-03-25T00:00:52.399+09:00  INFO 6384 --- [sboard] [restartedMain] o.hibernate.jpa.internal.util.LogHelper  : HHH000204: Processing PersistenceUnitInfo [name: default]
2024-03-25T00:00:52.483+09:00  INFO 6384 --- [sboard] [restartedMain] org.hibernate.Version                    : HHH000412: Hibernate ORM core version 6.4.4.Final
2024-03-25T00:00:52.530+09:00  INFO 6384 --- [sboard] [restartedMain] o.h.c.internal.RegionFactoryInitiator    : HHH000026: Second-level cache disabled
2024-03-25T00:00:52.874+09:00  INFO 6384 --- [sboard] [restartedMain] o.s.o.j.p.SpringPersistenceUnitInfo      : No LoadTimeWeaver setup: ignoring JPA class transformer
2024-03-25T00:00:52.911+09:00  INFO 6384 --- [sboard] [restartedMain] com.zaxxer.hikari.HikariDataSource       : HikariPool-1 - Starting...
2024-03-25T00:00:53.300+09:00  INFO 6384 --- [sboard] [restartedMain] com.zaxxer.hikari.pool.HikariPool        : HikariPool-1 - Added connection com.mysql.cj.jdbc.ConnectionImpl@2bca10e7
2024-03-25T00:00:53.302+09:00  INFO 6384 --- [sboard] [restartedMain] com.zaxxer.hikari.HikariDataSource       : HikariPool-1 - Start completed.
2024-03-25T00:00:53.371+09:00  WARN 6384 --- [sboard] [restartedMain] org.hibernate.orm.deprecation            : HHH90000025: MySQLDialect does not need to be specified explicitly using 'hibernate.dialect' (remove the property setting and it will be selected by default)
2024-03-25T00:00:54.422+09:00  INFO 6384 --- [sboard] [restartedMain] o.h.e.t.j.p.i.JtaPlatformInitiator       : HHH000489: No JTA platform available (set 'hibernate.transaction.jta.platform' to enable JTA platform integration)
2024-03-25T00:00:54.488+09:00  INFO 6384 --- [sboard] [restartedMain] j.LocalContainerEntityManagerFactoryBean : Initialized JPA EntityManagerFactory for persistence unit 'default'
2024-03-25T00:00:55.191+09:00  WARN 6384 --- [sboard] [restartedMain] JpaBaseConfiguration$JpaWebConfiguration : spring.jpa.open-in-view is enabled by default. Therefore, database queries may be performed during view rendering. Explicitly configure spring.jpa.open-in-view to disable this warning
2024-03-25T00:00:55.591+09:00  INFO 6384 --- [sboard] [restartedMain] o.s.s.web.DefaultSecurityFilterChain     : Will secure any request with [org.springframework.security.web.session.DisableEncodeUrlFilter@61f34147, org.springframework.security.web.context.request.async.WebAsyncManagerIntegrationFilter@48a26dc0, org.springframework.security.web.context.SecurityContextHolderFilter@7303aa0d, org.springframework.security.web.header.HeaderWriterFilter@73cb0759, org.springframework.web.filter.CorsFilter@11fed4b8, org.springframework.security.web.authentication.logout.LogoutFilter@23c8ded, org.springframework.security.web.authentication.UsernamePasswordAuthenticationFilter@36248d9c, org.springframework.security.web.savedrequest.RequestCacheAwareFilter@71065722, org.springframework.security.web.servletapi.SecurityContextHolderAwareRequestFilter@138f0eb1, org.springframework.security.web.authentication.AnonymousAuthenticationFilter@4a33b589, org.springframework.security.web.access.ExceptionTranslationFilter@353eea5, org.springframework.security.web.access.intercept.AuthorizationFilter@73fb4071]
2024-03-25T00:00:57.705+09:00  INFO 6384 --- [sboard] [restartedMain] o.s.b.d.a.OptionalLiveReloadServer       : LiveReload server is running on port 35729
2024-03-25T00:00:57.940+09:00  INFO 6384 --- [sboard] [restartedMain] o.s.b.w.embedded.tomcat.TomcatWebServer  : Tomcat started on port 8080 (http) with context path '/sboard'
2024-03-25T00:00:57.960+09:00  INFO 6384 --- [sboard] [restartedMain] kr.co.sboard.SboardApplication           : Started SboardApplication in 8.379 seconds (process running for 9.259)
2024-03-25T00:01:05.223+09:00  INFO 6384 --- [sboard] [http-nio-8080-exec-1] o.a.c.c.C.[.[localhost].[/sboard]        : Initializing Spring DispatcherServlet 'dispatcherServlet'
2024-03-25T00:01:05.223+09:00  INFO 6384 --- [sboard] [http-nio-8080-exec-1] o.s.web.servlet.DispatcherServlet        : Initializing Servlet 'dispatcherServlet'
2024-03-25T00:01:05.224+09:00  INFO 6384 --- [sboard] [http-nio-8080-exec-1] o.s.web.servlet.DispatcherServlet        : Completed initialization in 1 ms
2024-03-25T00:01:22.919+09:00  WARN 6384 --- [sboard] [http-nio-8080-exec-10] o.s.s.c.bcrypt.BCryptPasswordEncoder     : Encoded password does not look like BCrypt
2024-03-25T00:11:43.012+09:00  WARN 6384 --- [sboard] [http-nio-8080-exec-9] o.s.s.c.bcrypt.BCryptPasswordEncoder     : Encoded password does not look like BCrypt
2024-03-25T00:36:44.833+09:00  INFO 6384 --- [sboard] [File Watcher] rtingClassPathChangeChangedEventListener : Restarting due to 20 class path changes (0 additions, 0 deletions, 20 modifications)
2024-03-25T00:36:44.851+09:00  INFO 6384 --- [sboard] [Thread-5] j.LocalContainerEntityManagerFactoryBean : Closing JPA EntityManagerFactory for persistence unit 'default'
2024-03-25T00:36:44.856+09:00  INFO 6384 --- [sboard] [Thread-5] com.zaxxer.hikari.HikariDataSource       : HikariPool-1 - Shutdown initiated...
2024-03-25T00:36:44.861+09:00  INFO 6384 --- [sboard] [Thread-5] com.zaxxer.hikari.HikariDataSource       : HikariPool-1 - Shutdown completed.
2024-03-25T00:36:44.988+09:00  INFO 6384 --- [sboard] [restartedMain] kr.co.sboard.SboardApplication           : Starting SboardApplication using Java 17.0.10 with PID 6384 (C:\Users\yeana\Desktop\workspace\Spring\sboard\build\classes\java\main started by yeana in C:\Users\yeana\Desktop\workspace\Spring\sboard)
2024-03-25T00:36:44.989+09:00  INFO 6384 --- [sboard] [restartedMain] kr.co.sboard.SboardApplication           : No active profile set, falling back to 1 default profile: "default"
2024-03-25T00:36:45.269+09:00  INFO 6384 --- [sboard] [restartedMain] .s.d.r.c.RepositoryConfigurationDelegate : Bootstrapping Spring Data JPA repositories in DEFAULT mode.
2024-03-25T00:36:45.286+09:00  INFO 6384 --- [sboard] [restartedMain] .s.d.r.c.RepositoryConfigurationDelegate : Finished Spring Data repository scanning in 17 ms. Found 4 JPA repository interfaces.
2024-03-25T00:36:45.417+09:00  INFO 6384 --- [sboard] [restartedMain] o.s.b.w.embedded.tomcat.TomcatWebServer  : Tomcat initialized with port 8080 (http)
2024-03-25T00:36:45.418+09:00  INFO 6384 --- [sboard] [restartedMain] o.apache.catalina.core.StandardService   : Starting service [Tomcat]
2024-03-25T00:36:45.418+09:00  INFO 6384 --- [sboard] [restartedMain] o.apache.catalina.core.StandardEngine    : Starting Servlet engine: [Apache Tomcat/10.1.19]
2024-03-25T00:36:45.437+09:00  INFO 6384 --- [sboard] [restartedMain] o.a.c.c.C.[.[localhost].[/sboard]        : Initializing Spring embedded WebApplicationContext
2024-03-25T00:36:45.437+09:00  INFO 6384 --- [sboard] [restartedMain] w.s.c.ServletWebServerApplicationContext : Root WebApplicationContext: initialization completed in 443 ms
2024-03-25T00:36:45.481+09:00  INFO 6384 --- [sboard] [restartedMain] o.hibernate.jpa.internal.util.LogHelper  : HHH000204: Processing PersistenceUnitInfo [name: default]
2024-03-25T00:36:45.490+09:00  INFO 6384 --- [sboard] [restartedMain] o.h.c.internal.RegionFactoryInitiator    : HHH000026: Second-level cache disabled
2024-03-25T00:36:45.497+09:00  INFO 6384 --- [sboard] [restartedMain] o.s.o.j.p.SpringPersistenceUnitInfo      : No LoadTimeWeaver setup: ignoring JPA class transformer
2024-03-25T00:36:45.500+09:00  INFO 6384 --- [sboard] [restartedMain] com.zaxxer.hikari.HikariDataSource       : HikariPool-2 - Starting...
2024-03-25T00:36:45.513+09:00  INFO 6384 --- [sboard] [restartedMain] com.zaxxer.hikari.pool.HikariPool        : HikariPool-2 - Added connection com.mysql.cj.jdbc.ConnectionImpl@5707a956
2024-03-25T00:36:45.514+09:00  INFO 6384 --- [sboard] [restartedMain] com.zaxxer.hikari.HikariDataSource       : HikariPool-2 - Start completed.
2024-03-25T00:36:45.523+09:00  WARN 6384 --- [sboard] [restartedMain] org.hibernate.orm.deprecation            : HHH90000025: MySQLDialect does not need to be specified explicitly using 'hibernate.dialect' (remove the property setting and it will be selected by default)
2024-03-25T00:36:45.619+09:00  INFO 6384 --- [sboard] [restartedMain] o.h.e.t.j.p.i.JtaPlatformInitiator       : HHH000489: No JTA platform available (set 'hibernate.transaction.jta.platform' to enable JTA platform integration)
2024-03-25T00:36:45.632+09:00  INFO 6384 --- [sboard] [restartedMain] j.LocalContainerEntityManagerFactoryBean : Initialized JPA EntityManagerFactory for persistence unit 'default'
2024-03-25T00:36:45.797+09:00  WARN 6384 --- [sboard] [restartedMain] JpaBaseConfiguration$JpaWebConfiguration : spring.jpa.open-in-view is enabled by default. Therefore, database queries may be performed during view rendering. Explicitly configure spring.jpa.open-in-view to disable this warning
2024-03-25T00:36:45.880+09:00  INFO 6384 --- [sboard] [restartedMain] o.s.s.web.DefaultSecurityFilterChain     : Will secure any request with [org.springframework.security.web.session.DisableEncodeUrlFilter@1a9c95e2, org.springframework.security.web.context.request.async.WebAsyncManagerIntegrationFilter@1195ba2e, org.springframework.security.web.context.SecurityContextHolderFilter@2d15e58, org.springframework.security.web.header.HeaderWriterFilter@4aa8df98, org.springframework.web.filter.CorsFilter@3d74b602, org.springframework.security.web.authentication.logout.LogoutFilter@7ceb528b, org.springframework.security.web.authentication.UsernamePasswordAuthenticationFilter@409d2cc1, org.springframework.security.web.savedrequest.RequestCacheAwareFilter@91cfffe, org.springframework.security.web.servletapi.SecurityContextHolderAwareRequestFilter@16955bec, org.springframework.security.web.authentication.AnonymousAuthenticationFilter@7c98a06e, org.springframework.security.web.access.ExceptionTranslationFilter@4a0aa382, org.springframework.security.web.access.intercept.AuthorizationFilter@33ce4c7e]
2024-03-25T00:36:45.961+09:00  INFO 6384 --- [sboard] [restartedMain] o.s.b.d.a.OptionalLiveReloadServer       : LiveReload server is running on port 35729
2024-03-25T00:36:45.973+09:00  INFO 6384 --- [sboard] [restartedMain] o.s.b.w.embedded.tomcat.TomcatWebServer  : Tomcat started on port 8080 (http) with context path '/sboard'
2024-03-25T00:36:45.977+09:00  INFO 6384 --- [sboard] [restartedMain] kr.co.sboard.SboardApplication           : Started SboardApplication in 1.022 seconds (process running for 2157.276)
2024-03-25T00:36:45.978+09:00  INFO 6384 --- [sboard] [restartedMain] .ConditionEvaluationDeltaLoggingListener : Condition evaluation unchanged
2024-03-25T00:36:47.749+09:00  INFO 6384 --- [sboard] [http-nio-8080-exec-1] o.a.c.c.C.[.[localhost].[/sboard]        : Initializing Spring DispatcherServlet 'dispatcherServlet'
2024-03-25T00:36:47.749+09:00  INFO 6384 --- [sboard] [http-nio-8080-exec-1] o.s.web.servlet.DispatcherServlet        : Initializing Servlet 'dispatcherServlet'
2024-03-25T00:36:47.750+09:00  INFO 6384 --- [sboard] [http-nio-8080-exec-1] o.s.web.servlet.DispatcherServlet        : Completed initialization in 1 ms
2024-03-25T00:56:03.756+09:00  INFO 6384 --- [sboard] [File Watcher] rtingClassPathChangeChangedEventListener : Restarting due to 20 class path changes (0 additions, 0 deletions, 20 modifications)
2024-03-25T00:56:03.766+09:00  INFO 6384 --- [sboard] [Thread-7] j.LocalContainerEntityManagerFactoryBean : Closing JPA EntityManagerFactory for persistence unit 'default'
2024-03-25T00:56:03.766+09:00  INFO 6384 --- [sboard] [Thread-7] com.zaxxer.hikari.HikariDataSource       : HikariPool-2 - Shutdown initiated...
2024-03-25T00:56:03.773+09:00  INFO 6384 --- [sboard] [Thread-7] com.zaxxer.hikari.HikariDataSource       : HikariPool-2 - Shutdown completed.
2024-03-25T00:56:03.870+09:00  INFO 6384 --- [sboard] [restartedMain] kr.co.sboard.SboardApplication           : Starting SboardApplication using Java 17.0.10 with PID 6384 (C:\Users\yeana\Desktop\workspace\Spring\sboard\build\classes\java\main started by yeana in C:\Users\yeana\Desktop\workspace\Spring\sboard)
2024-03-25T00:56:03.871+09:00  INFO 6384 --- [sboard] [restartedMain] kr.co.sboard.SboardApplication           : No active profile set, falling back to 1 default profile: "default"
2024-03-25T00:56:04.134+09:00  INFO 6384 --- [sboard] [restartedMain] .s.d.r.c.RepositoryConfigurationDelegate : Bootstrapping Spring Data JPA repositories in DEFAULT mode.
2024-03-25T00:56:04.150+09:00  INFO 6384 --- [sboard] [restartedMain] .s.d.r.c.RepositoryConfigurationDelegate : Finished Spring Data repository scanning in 15 ms. Found 4 JPA repository interfaces.
2024-03-25T00:56:04.272+09:00  INFO 6384 --- [sboard] [restartedMain] o.s.b.w.embedded.tomcat.TomcatWebServer  : Tomcat initialized with port 8080 (http)
2024-03-25T00:56:04.274+09:00  INFO 6384 --- [sboard] [restartedMain] o.apache.catalina.core.StandardService   : Starting service [Tomcat]
2024-03-25T00:56:04.274+09:00  INFO 6384 --- [sboard] [restartedMain] o.apache.catalina.core.StandardEngine    : Starting Servlet engine: [Apache Tomcat/10.1.19]
2024-03-25T00:56:04.292+09:00  INFO 6384 --- [sboard] [restartedMain] o.a.c.c.C.[.[localhost].[/sboard]        : Initializing Spring embedded WebApplicationContext
2024-03-25T00:56:04.292+09:00  INFO 6384 --- [sboard] [restartedMain] w.s.c.ServletWebServerApplicationContext : Root WebApplicationContext: initialization completed in 416 ms
2024-03-25T00:56:04.330+09:00  INFO 6384 --- [sboard] [restartedMain] o.hibernate.jpa.internal.util.LogHelper  : HHH000204: Processing PersistenceUnitInfo [name: default]
2024-03-25T00:56:04.344+09:00  INFO 6384 --- [sboard] [restartedMain] o.h.c.internal.RegionFactoryInitiator    : HHH000026: Second-level cache disabled
2024-03-25T00:56:04.352+09:00  INFO 6384 --- [sboard] [restartedMain] o.s.o.j.p.SpringPersistenceUnitInfo      : No LoadTimeWeaver setup: ignoring JPA class transformer
2024-03-25T00:56:04.354+09:00  INFO 6384 --- [sboard] [restartedMain] com.zaxxer.hikari.HikariDataSource       : HikariPool-3 - Starting...
2024-03-25T00:56:04.386+09:00  INFO 6384 --- [sboard] [restartedMain] com.zaxxer.hikari.pool.HikariPool        : HikariPool-3 - Added connection com.mysql.cj.jdbc.ConnectionImpl@4dd12e94
2024-03-25T00:56:04.388+09:00  INFO 6384 --- [sboard] [restartedMain] com.zaxxer.hikari.HikariDataSource       : HikariPool-3 - Start completed.
2024-03-25T00:56:04.391+09:00  WARN 6384 --- [sboard] [restartedMain] org.hibernate.orm.deprecation            : HHH90000025: MySQLDialect does not need to be specified explicitly using 'hibernate.dialect' (remove the property setting and it will be selected by default)
2024-03-25T00:56:04.468+09:00  INFO 6384 --- [sboard] [restartedMain] o.h.e.t.j.p.i.JtaPlatformInitiator       : HHH000489: No JTA platform available (set 'hibernate.transaction.jta.platform' to enable JTA platform integration)
2024-03-25T00:56:04.482+09:00  INFO 6384 --- [sboard] [restartedMain] j.LocalContainerEntityManagerFactoryBean : Initialized JPA EntityManagerFactory for persistence unit 'default'
2024-03-25T00:56:04.662+09:00  WARN 6384 --- [sboard] [restartedMain] JpaBaseConfiguration$JpaWebConfiguration : spring.jpa.open-in-view is enabled by default. Therefore, database queries may be performed during view rendering. Explicitly configure spring.jpa.open-in-view to disable this warning
2024-03-25T00:56:04.755+09:00  INFO 6384 --- [sboard] [restartedMain] o.s.s.web.DefaultSecurityFilterChain     : Will secure any request with [org.springframework.security.web.session.DisableEncodeUrlFilter@23a08ff1, org.springframework.security.web.context.request.async.WebAsyncManagerIntegrationFilter@a9505e9, org.springframework.security.web.context.SecurityContextHolderFilter@34b7d84b, org.springframework.security.web.header.HeaderWriterFilter@afc9a7a, org.springframework.web.filter.CorsFilter@7819fd6f, org.springframework.security.web.authentication.logout.LogoutFilter@1330291a, org.springframework.security.web.authentication.UsernamePasswordAuthenticationFilter@23f88a36, org.springframework.security.web.savedrequest.RequestCacheAwareFilter@377ec833, org.springframework.security.web.servletapi.SecurityContextHolderAwareRequestFilter@36f0c113, org.springframework.security.web.authentication.AnonymousAuthenticationFilter@4c60ab18, org.springframework.security.web.access.ExceptionTranslationFilter@4ac978cf, org.springframework.security.web.access.intercept.AuthorizationFilter@44ee1460]
2024-03-25T00:56:04.837+09:00  INFO 6384 --- [sboard] [restartedMain] o.s.b.d.a.OptionalLiveReloadServer       : LiveReload server is running on port 35729
2024-03-25T00:56:04.848+09:00  INFO 6384 --- [sboard] [restartedMain] o.s.b.w.embedded.tomcat.TomcatWebServer  : Tomcat started on port 8080 (http) with context path '/sboard'
2024-03-25T00:56:04.853+09:00  INFO 6384 --- [sboard] [restartedMain] kr.co.sboard.SboardApplication           : Started SboardApplication in 1.017 seconds (process running for 3316.152)
2024-03-25T00:56:04.854+09:00  INFO 6384 --- [sboard] [restartedMain] .ConditionEvaluationDeltaLoggingListener : Condition evaluation unchanged
2024-03-25T00:56:08.043+09:00  INFO 6384 --- [sboard] [http-nio-8080-exec-1] o.a.c.c.C.[.[localhost].[/sboard]        : Initializing Spring DispatcherServlet 'dispatcherServlet'
2024-03-25T00:56:08.043+09:00  INFO 6384 --- [sboard] [http-nio-8080-exec-1] o.s.web.servlet.DispatcherServlet        : Initializing Servlet 'dispatcherServlet'
2024-03-25T00:56:08.044+09:00  INFO 6384 --- [sboard] [http-nio-8080-exec-1] o.s.web.servlet.DispatcherServlet        : Completed initialization in 1 ms
2024-03-25T01:00:40.971+09:00  INFO 6384 --- [sboard] [File Watcher] rtingClassPathChangeChangedEventListener : Restarting due to 21 class path changes (0 additions, 0 deletions, 21 modifications)
2024-03-25T01:00:40.981+09:00  INFO 6384 --- [sboard] [Thread-11] j.LocalContainerEntityManagerFactoryBean : Closing JPA EntityManagerFactory for persistence unit 'default'
2024-03-25T01:00:40.981+09:00  INFO 6384 --- [sboard] [Thread-11] com.zaxxer.hikari.HikariDataSource       : HikariPool-3 - Shutdown initiated...
2024-03-25T01:00:40.985+09:00  INFO 6384 --- [sboard] [Thread-11] com.zaxxer.hikari.HikariDataSource       : HikariPool-3 - Shutdown completed.
2024-03-25T01:00:41.075+09:00  INFO 6384 --- [sboard] [restartedMain] kr.co.sboard.SboardApplication           : Starting SboardApplication using Java 17.0.10 with PID 6384 (C:\Users\yeana\Desktop\workspace\Spring\sboard\build\classes\java\main started by yeana in C:\Users\yeana\Desktop\workspace\Spring\sboard)
2024-03-25T01:00:41.076+09:00  INFO 6384 --- [sboard] [restartedMain] kr.co.sboard.SboardApplication           : No active profile set, falling back to 1 default profile: "default"
2024-03-25T01:00:41.302+09:00  INFO 6384 --- [sboard] [restartedMain] .s.d.r.c.RepositoryConfigurationDelegate : Bootstrapping Spring Data JPA repositories in DEFAULT mode.
2024-03-25T01:00:41.321+09:00  INFO 6384 --- [sboard] [restartedMain] .s.d.r.c.RepositoryConfigurationDelegate : Finished Spring Data repository scanning in 18 ms. Found 4 JPA repository interfaces.
2024-03-25T01:00:41.426+09:00  INFO 6384 --- [sboard] [restartedMain] o.s.b.w.embedded.tomcat.TomcatWebServer  : Tomcat initialized with port 8080 (http)
2024-03-25T01:00:41.426+09:00  INFO 6384 --- [sboard] [restartedMain] o.apache.catalina.core.StandardService   : Starting service [Tomcat]
2024-03-25T01:00:41.426+09:00  INFO 6384 --- [sboard] [restartedMain] o.apache.catalina.core.StandardEngine    : Starting Servlet engine: [Apache Tomcat/10.1.19]
2024-03-25T01:00:41.448+09:00  INFO 6384 --- [sboard] [restartedMain] o.a.c.c.C.[.[localhost].[/sboard]        : Initializing Spring embedded WebApplicationContext
2024-03-25T01:00:41.448+09:00  INFO 6384 --- [sboard] [restartedMain] w.s.c.ServletWebServerApplicationContext : Root WebApplicationContext: initialization completed in 370 ms
2024-03-25T01:00:41.493+09:00  INFO 6384 --- [sboard] [restartedMain] o.hibernate.jpa.internal.util.LogHelper  : HHH000204: Processing PersistenceUnitInfo [name: default]
2024-03-25T01:00:41.496+09:00  INFO 6384 --- [sboard] [restartedMain] o.h.c.internal.RegionFactoryInitiator    : HHH000026: Second-level cache disabled
2024-03-25T01:00:41.502+09:00  INFO 6384 --- [sboard] [restartedMain] o.s.o.j.p.SpringPersistenceUnitInfo      : No LoadTimeWeaver setup: ignoring JPA class transformer
2024-03-25T01:00:41.503+09:00  INFO 6384 --- [sboard] [restartedMain] com.zaxxer.hikari.HikariDataSource       : HikariPool-4 - Starting...
2024-03-25T01:00:41.517+09:00  INFO 6384 --- [sboard] [restartedMain] com.zaxxer.hikari.pool.HikariPool        : HikariPool-4 - Added connection com.mysql.cj.jdbc.ConnectionImpl@6c7b1005
2024-03-25T01:00:41.518+09:00  INFO 6384 --- [sboard] [restartedMain] com.zaxxer.hikari.HikariDataSource       : HikariPool-4 - Start completed.
2024-03-25T01:00:41.520+09:00  WARN 6384 --- [sboard] [restartedMain] org.hibernate.orm.deprecation            : HHH90000025: MySQLDialect does not need to be specified explicitly using 'hibernate.dialect' (remove the property setting and it will be selected by default)
2024-03-25T01:00:41.603+09:00  INFO 6384 --- [sboard] [restartedMain] o.h.e.t.j.p.i.JtaPlatformInitiator       : HHH000489: No JTA platform available (set 'hibernate.transaction.jta.platform' to enable JTA platform integration)
2024-03-25T01:00:41.616+09:00  INFO 6384 --- [sboard] [restartedMain] j.LocalContainerEntityManagerFactoryBean : Initialized JPA EntityManagerFactory for persistence unit 'default'
2024-03-25T01:00:41.800+09:00  WARN 6384 --- [sboard] [restartedMain] JpaBaseConfiguration$JpaWebConfiguration : spring.jpa.open-in-view is enabled by default. Therefore, database queries may be performed during view rendering. Explicitly configure spring.jpa.open-in-view to disable this warning
2024-03-25T01:00:41.867+09:00  INFO 6384 --- [sboard] [restartedMain] o.s.s.web.DefaultSecurityFilterChain     : Will secure any request with [org.springframework.security.web.session.DisableEncodeUrlFilter@3c9b65c2, org.springframework.security.web.context.request.async.WebAsyncManagerIntegrationFilter@7137982d, org.springframework.security.web.context.SecurityContextHolderFilter@3a938f92, org.springframework.security.web.header.HeaderWriterFilter@5f7a51b5, org.springframework.web.filter.CorsFilter@255f4a0a, org.springframework.security.web.authentication.logout.LogoutFilter@16ed00de, org.springframework.security.web.authentication.UsernamePasswordAuthenticationFilter@5613f5fa, org.springframework.security.web.savedrequest.RequestCacheAwareFilter@5ef3c9b0, org.springframework.security.web.servletapi.SecurityContextHolderAwareRequestFilter@3ddeffa0, org.springframework.security.web.authentication.AnonymousAuthenticationFilter@272657e3, org.springframework.security.web.access.ExceptionTranslationFilter@5f978b2d, org.springframework.security.web.access.intercept.AuthorizationFilter@75eee2a0]
2024-03-25T01:00:41.935+09:00  INFO 6384 --- [sboard] [restartedMain] o.s.b.d.a.OptionalLiveReloadServer       : LiveReload server is running on port 35729
2024-03-25T01:00:41.949+09:00  INFO 6384 --- [sboard] [restartedMain] o.s.b.w.embedded.tomcat.TomcatWebServer  : Tomcat started on port 8080 (http) with context path '/sboard'
2024-03-25T01:00:41.953+09:00  INFO 6384 --- [sboard] [restartedMain] kr.co.sboard.SboardApplication           : Started SboardApplication in 0.905 seconds (process running for 3593.252)
2024-03-25T01:00:41.954+09:00  INFO 6384 --- [sboard] [restartedMain] .ConditionEvaluationDeltaLoggingListener : Condition evaluation unchanged
2024-03-25T01:00:43.127+09:00  INFO 6384 --- [sboard] [http-nio-8080-exec-1] o.a.c.c.C.[.[localhost].[/sboard]        : Initializing Spring DispatcherServlet 'dispatcherServlet'
2024-03-25T01:00:43.127+09:00  INFO 6384 --- [sboard] [http-nio-8080-exec-1] o.s.web.servlet.DispatcherServlet        : Initializing Servlet 'dispatcherServlet'
2024-03-25T01:00:43.129+09:00  INFO 6384 --- [sboard] [http-nio-8080-exec-1] o.s.web.servlet.DispatcherServlet        : Completed initialization in 2 ms
2024-03-25T01:00:50.186+09:00  INFO 6384 --- [sboard] [http-nio-8080-exec-9] kr.co.sboard.controller.UserController   : count : 0
2024-03-25T01:05:09.466+09:00  INFO 6384 --- [sboard] [File Watcher] rtingClassPathChangeChangedEventListener : Restarting due to 21 class path changes (0 additions, 0 deletions, 21 modifications)
2024-03-25T01:05:09.686+09:00  INFO 6384 --- [sboard] [Thread-15] j.LocalContainerEntityManagerFactoryBean : Closing JPA EntityManagerFactory for persistence unit 'default'
2024-03-25T01:05:09.697+09:00  INFO 6384 --- [sboard] [Thread-15] com.zaxxer.hikari.HikariDataSource       : HikariPool-4 - Shutdown initiated...
2024-03-25T01:05:09.747+09:00  INFO 6384 --- [sboard] [Thread-15] com.zaxxer.hikari.HikariDataSource       : HikariPool-4 - Shutdown completed.
2024-03-25T01:05:09.901+09:00  INFO 6384 --- [sboard] [restartedMain] kr.co.sboard.SboardApplication           : Starting SboardApplication using Java 17.0.10 with PID 6384 (C:\Users\yeana\Desktop\workspace\Spring\sboard\build\classes\java\main started by yeana in C:\Users\yeana\Desktop\workspace\Spring\sboard)
2024-03-25T01:05:09.902+09:00  INFO 6384 --- [sboard] [restartedMain] kr.co.sboard.SboardApplication           : No active profile set, falling back to 1 default profile: "default"
2024-03-25T01:05:10.205+09:00  INFO 6384 --- [sboard] [restartedMain] .s.d.r.c.RepositoryConfigurationDelegate : Bootstrapping Spring Data JPA repositories in DEFAULT mode.
2024-03-25T01:05:10.229+09:00  INFO 6384 --- [sboard] [restartedMain] .s.d.r.c.RepositoryConfigurationDelegate : Finished Spring Data repository scanning in 23 ms. Found 4 JPA repository interfaces.
2024-03-25T01:05:10.376+09:00  INFO 6384 --- [sboard] [restartedMain] o.s.b.w.embedded.tomcat.TomcatWebServer  : Tomcat initialized with port 8080 (http)
2024-03-25T01:05:10.377+09:00  INFO 6384 --- [sboard] [restartedMain] o.apache.catalina.core.StandardService   : Starting service [Tomcat]
2024-03-25T01:05:10.377+09:00  INFO 6384 --- [sboard] [restartedMain] o.apache.catalina.core.StandardEngine    : Starting Servlet engine: [Apache Tomcat/10.1.19]
2024-03-25T01:05:10.398+09:00  INFO 6384 --- [sboard] [restartedMain] o.a.c.c.C.[.[localhost].[/sboard]        : Initializing Spring embedded WebApplicationContext
2024-03-25T01:05:10.398+09:00  INFO 6384 --- [sboard] [restartedMain] w.s.c.ServletWebServerApplicationContext : Root WebApplicationContext: initialization completed in 493 ms
2024-03-25T01:05:10.462+09:00  INFO 6384 --- [sboard] [restartedMain] o.hibernate.jpa.internal.util.LogHelper  : HHH000204: Processing PersistenceUnitInfo [name: default]
2024-03-25T01:05:10.467+09:00  INFO 6384 --- [sboard] [restartedMain] o.h.c.internal.RegionFactoryInitiator    : HHH000026: Second-level cache disabled
2024-03-25T01:05:10.476+09:00  INFO 6384 --- [sboard] [restartedMain] o.s.o.j.p.SpringPersistenceUnitInfo      : No LoadTimeWeaver setup: ignoring JPA class transformer
2024-03-25T01:05:10.478+09:00  INFO 6384 --- [sboard] [restartedMain] com.zaxxer.hikari.HikariDataSource       : HikariPool-5 - Starting...
2024-03-25T01:05:10.491+09:00  INFO 6384 --- [sboard] [restartedMain] com.zaxxer.hikari.pool.HikariPool        : HikariPool-5 - Added connection com.mysql.cj.jdbc.ConnectionImpl@245d5ad0
2024-03-25T01:05:10.491+09:00  INFO 6384 --- [sboard] [restartedMain] com.zaxxer.hikari.HikariDataSource       : HikariPool-5 - Start completed.
2024-03-25T01:05:10.493+09:00  WARN 6384 --- [sboard] [restartedMain] org.hibernate.orm.deprecation            : HHH90000025: MySQLDialect does not need to be specified explicitly using 'hibernate.dialect' (remove the property setting and it will be selected by default)
2024-03-25T01:05:10.578+09:00  INFO 6384 --- [sboard] [restartedMain] o.h.e.t.j.p.i.JtaPlatformInitiator       : HHH000489: No JTA platform available (set 'hibernate.transaction.jta.platform' to enable JTA platform integration)
2024-03-25T01:05:10.592+09:00  INFO 6384 --- [sboard] [restartedMain] j.LocalContainerEntityManagerFactoryBean : Initialized JPA EntityManagerFactory for persistence unit 'default'
2024-03-25T01:05:10.769+09:00  WARN 6384 --- [sboard] [restartedMain] JpaBaseConfiguration$JpaWebConfiguration : spring.jpa.open-in-view is enabled by default. Therefore, database queries may be performed during view rendering. Explicitly configure spring.jpa.open-in-view to disable this warning
2024-03-25T01:05:10.851+09:00  INFO 6384 --- [sboard] [restartedMain] o.s.s.web.DefaultSecurityFilterChain     : Will secure any request with [org.springframework.security.web.session.DisableEncodeUrlFilter@63b67, org.springframework.security.web.context.request.async.WebAsyncManagerIntegrationFilter@2ef6ce06, org.springframework.security.web.context.SecurityContextHolderFilter@1f463195, org.springframework.security.web.header.HeaderWriterFilter@cd8ca1d, org.springframework.web.filter.CorsFilter@6f0f3bc9, org.springframework.security.web.authentication.logout.LogoutFilter@1b61e1c3, org.springframework.security.web.authentication.UsernamePasswordAuthenticationFilter@4a8979e2, org.springframework.security.web.savedrequest.RequestCacheAwareFilter@27eedaef, org.springframework.security.web.servletapi.SecurityContextHolderAwareRequestFilter@7fc711a8, org.springframework.security.web.authentication.AnonymousAuthenticationFilter@66617558, org.springframework.security.web.access.ExceptionTranslationFilter@50010e14, org.springframework.security.web.access.intercept.AuthorizationFilter@1c104d4]
2024-03-25T01:05:10.921+09:00  INFO 6384 --- [sboard] [restartedMain] o.s.b.d.a.OptionalLiveReloadServer       : LiveReload server is running on port 35729
2024-03-25T01:05:10.933+09:00  INFO 6384 --- [sboard] [restartedMain] o.s.b.w.embedded.tomcat.TomcatWebServer  : Tomcat started on port 8080 (http) with context path '/sboard'
2024-03-25T01:05:10.937+09:00  INFO 6384 --- [sboard] [restartedMain] kr.co.sboard.SboardApplication           : Started SboardApplication in 1.084 seconds (process running for 3862.237)
2024-03-25T01:05:10.938+09:00  INFO 6384 --- [sboard] [restartedMain] .ConditionEvaluationDeltaLoggingListener : Condition evaluation unchanged
2024-03-25T01:05:10.981+09:00  INFO 6384 --- [sboard] [http-nio-8080-exec-1] o.a.c.c.C.[.[localhost].[/sboard]        : Initializing Spring DispatcherServlet 'dispatcherServlet'
2024-03-25T01:05:10.981+09:00  INFO 6384 --- [sboard] [http-nio-8080-exec-1] o.s.web.servlet.DispatcherServlet        : Initializing Servlet 'dispatcherServlet'
2024-03-25T01:05:10.982+09:00  INFO 6384 --- [sboard] [http-nio-8080-exec-1] o.s.web.servlet.DispatcherServlet        : Completed initialization in 1 ms
2024-03-25T01:05:17.957+09:00  INFO 6384 --- [sboard] [http-nio-8080-exec-5] kr.co.sboard.controller.UserController   : count : 0
2024-03-25T01:05:53.114+09:00  INFO 6384 --- [sboard] [http-nio-8080-exec-9] kr.co.sboard.controller.UserController   : count : 0
2024-03-25T01:06:00.337+09:00  INFO 6384 --- [sboard] [http-nio-8080-exec-1] kr.co.sboard.controller.UserController   : count : 0
2024-03-25T01:06:06.125+09:00  INFO 6384 --- [sboard] [http-nio-8080-exec-2] kr.co.sboard.controller.UserController   : count : 1
2024-03-25T01:08:14.396+09:00  INFO 6384 --- [sboard] [http-nio-8080-exec-4] kr.co.sboard.controller.UserController   : count : 0
2024-03-25T01:08:14.397+09:00  INFO 6384 --- [sboard] [http-nio-8080-exec-4] kr.co.sboard.controller.UserController   : email : dpsk08270@gmail.com
2024-03-25T01:08:14.397+09:00  INFO 6384 --- [sboard] [http-nio-8080-exec-4] kr.co.sboard.service.UserService         : sender : dpsk08270@gmail.com
2024-03-25T01:09:20.279+09:00  INFO 6384 --- [sboard] [http-nio-8080-exec-7] kr.co.sboard.controller.UserController   : count : 1
2024-03-25T01:09:28.586+09:00  INFO 6384 --- [sboard] [http-nio-8080-exec-9] kr.co.sboard.controller.UserController   : count : 0
2024-03-25T01:09:34.865+09:00  INFO 6384 --- [sboard] [http-nio-8080-exec-1] kr.co.sboard.controller.UserController   : count : 0
2024-03-25T01:09:36.665+09:00  INFO 6384 --- [sboard] [http-nio-8080-exec-2] kr.co.sboard.controller.UserController   : UserDTO(uid=e101, pass=abc123!, name=박스프링부트, nick=박spring, email=dpsk08270@gmail.com, hp=010-1234-1007, role=null, zip=48060, addr1=null, addr2=, regip=0:0:0:0:0:0:0:1, sms=null, regDate=null, leaveDate=null)
2024-03-25T01:10:30.238+09:00  INFO 6384 --- [sboard] [http-nio-8080-exec-2] k.c.sboard.controller.ArticleController  : pageResponseDTO : PageResponseDTO(dtoList=[], cate=notice, pg=1, size=10, total=0, startNo=0, start=1, end=0, prev=false, next=false)
2024-03-25T01:10:31.552+09:00  INFO 6384 --- [sboard] [http-nio-8080-exec-6] k.c.sboard.controller.ArticleController  : pageResponseDTO : PageResponseDTO(dtoList=[ArticleDTO(no=11, parent=0, comment=0, cate=free, title=꺅, content=!!!, writer=a103, file=1, hit=2, regip=0:0:0:0:0:0:0:1, rdate=2024-03-04T01:18:52, user=null, files=null, fileList=[]), ArticleDTO(no=10, parent=0, comment=0, cate=free, title=우왕, content=열번째!!, writer=a103, file=1, hit=1, regip=0:0:0:0:0:0:0:1, rdate=2024-03-04T01:18:42, user=null, files=null, fileList=[]), ArticleDTO(no=9, parent=0, comment=0, cate=free, title=ㅎㅎ, content=반가워용, writer=a103, file=0, hit=1, regip=0:0:0:0:0:0:0:1, rdate=2024-03-04T01:18:29, user=null, files=null, fileList=[]), ArticleDTO(no=8, parent=0, comment=0, cate=free, title=spring, content=제 이름은 스프링입니다., writer=a103, file=0, hit=1, regip=0:0:0:0:0:0:0:1, rdate=2024-03-04T01:18:19, user=null, files=null, fileList=[]), ArticleDTO(no=7, parent=0, comment=0, cate=free, title=처음이에요, content=반갑습니다!!, writer=a103, file=1, hit=3, regip=0:0:0:0:0:0:0:1, rdate=2024-03-04T01:17:58, user=null, files=null, fileList=[]), ArticleDTO(no=4, parent=0, comment=0, cate=free, title=test, content=test, writer=a101, file=1, hit=0, regip=0:0:0:0:0:0:0:1, rdate=2024-03-04T00:17:54, user=null, files=null, fileList=[]), ArticleDTO(no=3, parent=0, comment=0, cate=free, title=ㅎㅎ, content=ㅎㅎ, writer=a101, file=0, hit=0, regip=0:0:0:0:0:0:0:1, rdate=2024-03-04T00:17:38, user=null, files=null, fileList=[]), ArticleDTO(no=2, parent=0, comment=0, cate=free, title=ㅋㅋ, content=ㅋㅋㅎㅎㅎ, writer=a101, file=0, hit=4, regip=0:0:0:0:0:0:0:1, rdate=2024-03-04T00:14:20, user=null, files=null, fileList=[]), ArticleDTO(no=1, parent=0, comment=0, cate=free, title=하이, content=헬롱, writer=a101, file=1, hit=6, regip=0:0:0:0:0:0:0:1, rdate=2024-03-04T00:13:56, user=null, files=null, fileList=[])], cate=free, pg=1, size=10, total=9, startNo=9, start=1, end=1, prev=false, next=false)
2024-03-25T01:10:34.157+09:00  INFO 6384 --- [sboard] [http-nio-8080-exec-9] k.c.sboard.controller.ArticleController  : pageResponseDTO : PageResponseDTO(dtoList=[], cate=faq, pg=1, size=10, total=0, startNo=0, start=1, end=0, prev=false, next=false)
2024-03-25T01:10:35.128+09:00  INFO 6384 --- [sboard] [http-nio-8080-exec-7] k.c.sboard.controller.ArticleController  : pageResponseDTO : PageResponseDTO(dtoList=[], cate=qna, pg=1, size=10, total=0, startNo=0, start=1, end=0, prev=false, next=false)
2024-03-25T01:10:36.475+09:00  INFO 6384 --- [sboard] [http-nio-8080-exec-8] k.c.sboard.controller.ArticleController  : pageResponseDTO : PageResponseDTO(dtoList=[], cate=notice, pg=1, size=10, total=0, startNo=0, start=1, end=0, prev=false, next=false)
2024-03-25T01:12:34.793+09:00  INFO 6384 --- [sboard] [SpringApplicationShutdownHook] j.LocalContainerEntityManagerFactoryBean : Closing JPA EntityManagerFactory for persistence unit 'default'
2024-03-25T01:12:34.794+09:00  INFO 6384 --- [sboard] [SpringApplicationShutdownHook] com.zaxxer.hikari.HikariDataSource       : HikariPool-5 - Shutdown initiated...
2024-03-25T01:12:34.800+09:00  INFO 6384 --- [sboard] [SpringApplicationShutdownHook] com.zaxxer.hikari.HikariDataSource       : HikariPool-5 - Shutdown completed.
