2024-03-13T09:53:36.784+09:00  INFO 9756 --- [ch07] [restartedMain] kr.co.ch07.Ch07Application               : Starting Ch07Application using Java 17.0.9 with PID 9756 (C:\Users\java\Desktop\workspace\Spring\ch07\build\classes\java\main started by java in C:\Users\java\Desktop\workspace\Spring\ch07)
2024-03-13T09:53:36.787+09:00  INFO 9756 --- [ch07] [restartedMain] kr.co.ch07.Ch07Application               : No active profile set, falling back to 1 default profile: "default"
2024-03-13T09:53:36.809+09:00  INFO 9756 --- [ch07] [restartedMain] .e.DevToolsPropertyDefaultsPostProcessor : Devtools property defaults active! Set 'spring.devtools.add-properties' to 'false' to disable
2024-03-13T09:53:36.809+09:00  INFO 9756 --- [ch07] [restartedMain] .e.DevToolsPropertyDefaultsPostProcessor : For additional web related logging consider setting the 'logging.level.web' property to 'DEBUG'
2024-03-13T09:53:37.116+09:00  INFO 9756 --- [ch07] [restartedMain] .s.d.r.c.RepositoryConfigurationDelegate : Bootstrapping Spring Data JPA repositories in DEFAULT mode.
2024-03-13T09:53:37.154+09:00  INFO 9756 --- [ch07] [restartedMain] .s.d.r.c.RepositoryConfigurationDelegate : Finished Spring Data repository scanning in 33 ms. Found 13 JPA repository interfaces.
2024-03-13T09:53:37.396+09:00  INFO 9756 --- [ch07] [restartedMain] o.s.b.w.embedded.tomcat.TomcatWebServer  : Tomcat initialized with port 8080 (http)
2024-03-13T09:53:37.401+09:00  INFO 9756 --- [ch07] [restartedMain] o.apache.catalina.core.StandardService   : Starting service [Tomcat]
2024-03-13T09:53:37.401+09:00  INFO 9756 --- [ch07] [restartedMain] o.apache.catalina.core.StandardEngine    : Starting Servlet engine: [Apache Tomcat/10.1.19]
2024-03-13T09:53:37.423+09:00  INFO 9756 --- [ch07] [restartedMain] o.a.c.c.C.[Tomcat].[localhost].[/ch07]   : Initializing Spring embedded WebApplicationContext
2024-03-13T09:53:37.423+09:00  INFO 9756 --- [ch07] [restartedMain] w.s.c.ServletWebServerApplicationContext : Root WebApplicationContext: initialization completed in 613 ms
2024-03-13T09:53:37.493+09:00  INFO 9756 --- [ch07] [restartedMain] o.hibernate.jpa.internal.util.LogHelper  : HHH000204: Processing PersistenceUnitInfo [name: default]
2024-03-13T09:53:37.515+09:00  INFO 9756 --- [ch07] [restartedMain] org.hibernate.Version                    : HHH000412: Hibernate ORM core version 6.4.4.Final
2024-03-13T09:53:37.530+09:00  INFO 9756 --- [ch07] [restartedMain] o.h.c.internal.RegionFactoryInitiator    : HHH000026: Second-level cache disabled
2024-03-13T09:53:37.640+09:00  INFO 9756 --- [ch07] [restartedMain] o.s.o.j.p.SpringPersistenceUnitInfo      : No LoadTimeWeaver setup: ignoring JPA class transformer
2024-03-13T09:53:37.654+09:00  INFO 9756 --- [ch07] [restartedMain] com.zaxxer.hikari.HikariDataSource       : HikariPool-1 - Starting...
2024-03-13T09:53:37.783+09:00  INFO 9756 --- [ch07] [restartedMain] com.zaxxer.hikari.pool.HikariPool        : HikariPool-1 - Added connection com.mysql.cj.jdbc.ConnectionImpl@53b40190
2024-03-13T09:53:37.784+09:00  INFO 9756 --- [ch07] [restartedMain] com.zaxxer.hikari.HikariDataSource       : HikariPool-1 - Start completed.
2024-03-13T09:53:37.807+09:00  WARN 9756 --- [ch07] [restartedMain] org.hibernate.orm.deprecation            : HHH90000025: MySQLDialect does not need to be specified explicitly using 'hibernate.dialect' (remove the property setting and it will be selected by default)
2024-03-13T09:53:38.346+09:00  INFO 9756 --- [ch07] [restartedMain] o.h.e.t.j.p.i.JtaPlatformInitiator       : HHH000489: No JTA platform available (set 'hibernate.transaction.jta.platform' to enable JTA platform integration)
2024-03-13T09:53:38.416+09:00  INFO 9756 --- [ch07] [restartedMain] j.LocalContainerEntityManagerFactoryBean : Initialized JPA EntityManagerFactory for persistence unit 'default'
2024-03-13T09:53:38.605+09:00  INFO 9756 --- [ch07] [restartedMain] o.s.d.j.r.query.QueryEnhancerFactory     : Hibernate is in classpath; If applicable, HQL parser will be used.
2024-03-13T09:53:38.850+09:00  WARN 9756 --- [ch07] [restartedMain] JpaBaseConfiguration$JpaWebConfiguration : spring.jpa.open-in-view is enabled by default. Therefore, database queries may be performed during view rendering. Explicitly configure spring.jpa.open-in-view to disable this warning
2024-03-13T09:53:38.861+09:00  INFO 9756 --- [ch07] [restartedMain] o.s.b.a.w.s.WelcomePageHandlerMapping    : Adding welcome page template: index
2024-03-13T09:53:39.103+09:00  INFO 9756 --- [ch07] [restartedMain] o.s.b.d.a.OptionalLiveReloadServer       : LiveReload server is running on port 35729
2024-03-13T09:53:39.124+09:00  INFO 9756 --- [ch07] [restartedMain] o.s.b.w.embedded.tomcat.TomcatWebServer  : Tomcat started on port 8080 (http) with context path '/ch07'
2024-03-13T09:53:39.128+09:00  INFO 9756 --- [ch07] [restartedMain] kr.co.ch07.Ch07Application               : Started Ch07Application in 2.527 seconds (process running for 2.789)
2024-03-13T09:54:05.759+09:00  INFO 9756 --- [ch07] [http-nio-8080-exec-1] o.a.c.c.C.[Tomcat].[localhost].[/ch07]   : Initializing Spring DispatcherServlet 'dispatcherServlet'
2024-03-13T09:54:05.759+09:00  INFO 9756 --- [ch07] [http-nio-8080-exec-1] o.s.web.servlet.DispatcherServlet        : Initializing Servlet 'dispatcherServlet'
2024-03-13T09:54:05.760+09:00  INFO 9756 --- [ch07] [http-nio-8080-exec-1] o.s.web.servlet.DispatcherServlet        : Completed initialization in 1 ms
2024-03-13T09:57:18.411+09:00  INFO 9756 --- [ch07] [SpringApplicationShutdownHook] j.LocalContainerEntityManagerFactoryBean : Closing JPA EntityManagerFactory for persistence unit 'default'
2024-03-13T09:57:18.413+09:00  INFO 9756 --- [ch07] [SpringApplicationShutdownHook] com.zaxxer.hikari.HikariDataSource       : HikariPool-1 - Shutdown initiated...
2024-03-13T09:57:18.418+09:00  INFO 9756 --- [ch07] [SpringApplicationShutdownHook] com.zaxxer.hikari.HikariDataSource       : HikariPool-1 - Shutdown completed.
2024-03-13T09:57:19.657+09:00  INFO 14988 --- [ch07] [restartedMain] kr.co.ch07.Ch07Application               : Starting Ch07Application using Java 17.0.9 with PID 14988 (C:\Users\java\Desktop\workspace\Spring\ch07\build\classes\java\main started by java in C:\Users\java\Desktop\workspace\Spring\ch07)
2024-03-13T09:57:19.658+09:00  INFO 14988 --- [ch07] [restartedMain] kr.co.ch07.Ch07Application               : No active profile set, falling back to 1 default profile: "default"
2024-03-13T09:57:19.678+09:00  INFO 14988 --- [ch07] [restartedMain] .e.DevToolsPropertyDefaultsPostProcessor : Devtools property defaults active! Set 'spring.devtools.add-properties' to 'false' to disable
2024-03-13T09:57:19.678+09:00  INFO 14988 --- [ch07] [restartedMain] .e.DevToolsPropertyDefaultsPostProcessor : For additional web related logging consider setting the 'logging.level.web' property to 'DEBUG'
2024-03-13T09:57:20.004+09:00  INFO 14988 --- [ch07] [restartedMain] .s.d.r.c.RepositoryConfigurationDelegate : Bootstrapping Spring Data JPA repositories in DEFAULT mode.
2024-03-13T09:57:20.048+09:00  INFO 14988 --- [ch07] [restartedMain] .s.d.r.c.RepositoryConfigurationDelegate : Finished Spring Data repository scanning in 38 ms. Found 13 JPA repository interfaces.
2024-03-13T09:57:20.300+09:00  INFO 14988 --- [ch07] [restartedMain] o.s.b.w.embedded.tomcat.TomcatWebServer  : Tomcat initialized with port 8080 (http)
2024-03-13T09:57:20.305+09:00  INFO 14988 --- [ch07] [restartedMain] o.apache.catalina.core.StandardService   : Starting service [Tomcat]
2024-03-13T09:57:20.306+09:00  INFO 14988 --- [ch07] [restartedMain] o.apache.catalina.core.StandardEngine    : Starting Servlet engine: [Apache Tomcat/10.1.19]
2024-03-13T09:57:20.328+09:00  INFO 14988 --- [ch07] [restartedMain] o.a.c.c.C.[Tomcat].[localhost].[/ch07]   : Initializing Spring embedded WebApplicationContext
2024-03-13T09:57:20.329+09:00  INFO 14988 --- [ch07] [restartedMain] w.s.c.ServletWebServerApplicationContext : Root WebApplicationContext: initialization completed in 650 ms
2024-03-13T09:57:20.403+09:00  INFO 14988 --- [ch07] [restartedMain] o.hibernate.jpa.internal.util.LogHelper  : HHH000204: Processing PersistenceUnitInfo [name: default]
2024-03-13T09:57:20.425+09:00  INFO 14988 --- [ch07] [restartedMain] org.hibernate.Version                    : HHH000412: Hibernate ORM core version 6.4.4.Final
2024-03-13T09:57:20.440+09:00  INFO 14988 --- [ch07] [restartedMain] o.h.c.internal.RegionFactoryInitiator    : HHH000026: Second-level cache disabled
2024-03-13T09:57:20.553+09:00  INFO 14988 --- [ch07] [restartedMain] o.s.o.j.p.SpringPersistenceUnitInfo      : No LoadTimeWeaver setup: ignoring JPA class transformer
2024-03-13T09:57:20.566+09:00  INFO 14988 --- [ch07] [restartedMain] com.zaxxer.hikari.HikariDataSource       : HikariPool-1 - Starting...
2024-03-13T09:57:20.701+09:00  INFO 14988 --- [ch07] [restartedMain] com.zaxxer.hikari.pool.HikariPool        : HikariPool-1 - Added connection com.mysql.cj.jdbc.ConnectionImpl@1476bbb0
2024-03-13T09:57:20.703+09:00  INFO 14988 --- [ch07] [restartedMain] com.zaxxer.hikari.HikariDataSource       : HikariPool-1 - Start completed.
2024-03-13T09:57:20.728+09:00  WARN 14988 --- [ch07] [restartedMain] org.hibernate.orm.deprecation            : HHH90000025: MySQLDialect does not need to be specified explicitly using 'hibernate.dialect' (remove the property setting and it will be selected by default)
2024-03-13T09:57:21.257+09:00  INFO 14988 --- [ch07] [restartedMain] o.h.e.t.j.p.i.JtaPlatformInitiator       : HHH000489: No JTA platform available (set 'hibernate.transaction.jta.platform' to enable JTA platform integration)
2024-03-13T09:57:21.309+09:00  INFO 14988 --- [ch07] [restartedMain] j.LocalContainerEntityManagerFactoryBean : Initialized JPA EntityManagerFactory for persistence unit 'default'
2024-03-13T09:57:21.474+09:00  INFO 14988 --- [ch07] [restartedMain] o.s.d.j.r.query.QueryEnhancerFactory     : Hibernate is in classpath; If applicable, HQL parser will be used.
2024-03-13T09:57:21.706+09:00  WARN 14988 --- [ch07] [restartedMain] JpaBaseConfiguration$JpaWebConfiguration : spring.jpa.open-in-view is enabled by default. Therefore, database queries may be performed during view rendering. Explicitly configure spring.jpa.open-in-view to disable this warning
2024-03-13T09:57:21.715+09:00  INFO 14988 --- [ch07] [restartedMain] o.s.b.a.w.s.WelcomePageHandlerMapping    : Adding welcome page template: index
2024-03-13T09:57:21.930+09:00  INFO 14988 --- [ch07] [restartedMain] o.s.b.d.a.OptionalLiveReloadServer       : LiveReload server is running on port 35729
2024-03-13T09:57:21.948+09:00  INFO 14988 --- [ch07] [restartedMain] o.s.b.w.embedded.tomcat.TomcatWebServer  : Tomcat started on port 8080 (http) with context path '/ch07'
2024-03-13T09:57:21.952+09:00  INFO 14988 --- [ch07] [restartedMain] kr.co.ch07.Ch07Application               : Started Ch07Application in 2.474 seconds (process running for 2.742)
2024-03-13T09:57:34.328+09:00  INFO 14988 --- [ch07] [http-nio-8080-exec-1] o.a.c.c.C.[Tomcat].[localhost].[/ch07]   : Initializing Spring DispatcherServlet 'dispatcherServlet'
2024-03-13T09:57:34.328+09:00  INFO 14988 --- [ch07] [http-nio-8080-exec-1] o.s.web.servlet.DispatcherServlet        : Initializing Servlet 'dispatcherServlet'
2024-03-13T09:57:34.329+09:00  INFO 14988 --- [ch07] [http-nio-8080-exec-1] o.s.web.servlet.DispatcherServlet        : Completed initialization in 1 ms
2024-03-13T09:57:39.531+09:00  INFO 14988 --- [ch07] [http-nio-8080-exec-3] kr.co.ch07.controller.User5Controller    : [User5DTO(seq=1, name=김유신, gender=F, age=25, addr=울릉도), User5DTO(seq=2, name=김춘추, gender=M, age=23, addr=캐나다), User5DTO(seq=3, name=장보고, gender=F, age=35, addr=전남 완도군), User5DTO(seq=6, name=가을, gender=F, age=32, addr=경기도 성남), User5DTO(seq=8, name=윈터, gender=M, age=29, addr=제주도), User5DTO(seq=9, name=썸머, gender=F, age=26, addr=로스엔젤레스), User5DTO(seq=10, name=봄봄, gender=M, age=30, addr=김해시), User5DTO(seq=11, name=짹짹이, gender=F, age=5, addr=서울시), User5DTO(seq=22, name=한겨울, gender=M, age=23, addr=멕시코), User5DTO(seq=23, name=여름밤, gender=F, age=23, addr=하와이), User5DTO(seq=24, name=볼펜, gender=M, age=20, addr=서울시)]
2024-03-13T09:58:12.424+09:00  INFO 14988 --- [ch07] [File Watcher] rtingClassPathChangeChangedEventListener : Restarting due to 17 class path changes (0 additions, 0 deletions, 17 modifications)
2024-03-13T09:58:12.432+09:00  INFO 14988 --- [ch07] [Thread-5] j.LocalContainerEntityManagerFactoryBean : Closing JPA EntityManagerFactory for persistence unit 'default'
2024-03-13T09:58:12.434+09:00  INFO 14988 --- [ch07] [Thread-5] com.zaxxer.hikari.HikariDataSource       : HikariPool-1 - Shutdown initiated...
2024-03-13T09:58:12.438+09:00  INFO 14988 --- [ch07] [Thread-5] com.zaxxer.hikari.HikariDataSource       : HikariPool-1 - Shutdown completed.
2024-03-13T09:58:12.482+09:00  INFO 14988 --- [ch07] [restartedMain] kr.co.ch07.Ch07Application               : Starting Ch07Application using Java 17.0.9 with PID 14988 (C:\Users\java\Desktop\workspace\Spring\ch07\build\classes\java\main started by java in C:\Users\java\Desktop\workspace\Spring\ch07)
2024-03-13T09:58:12.482+09:00  INFO 14988 --- [ch07] [restartedMain] kr.co.ch07.Ch07Application               : No active profile set, falling back to 1 default profile: "default"
2024-03-13T09:58:12.560+09:00  INFO 14988 --- [ch07] [restartedMain] .s.d.r.c.RepositoryConfigurationDelegate : Bootstrapping Spring Data JPA repositories in DEFAULT mode.
2024-03-13T09:58:12.573+09:00  INFO 14988 --- [ch07] [restartedMain] .s.d.r.c.RepositoryConfigurationDelegate : Finished Spring Data repository scanning in 13 ms. Found 13 JPA repository interfaces.
2024-03-13T09:58:12.618+09:00  INFO 14988 --- [ch07] [restartedMain] o.s.b.w.embedded.tomcat.TomcatWebServer  : Tomcat initialized with port 8080 (http)
2024-03-13T09:58:12.619+09:00  INFO 14988 --- [ch07] [restartedMain] o.apache.catalina.core.StandardService   : Starting service [Tomcat]
2024-03-13T09:58:12.619+09:00  INFO 14988 --- [ch07] [restartedMain] o.apache.catalina.core.StandardEngine    : Starting Servlet engine: [Apache Tomcat/10.1.19]
2024-03-13T09:58:12.626+09:00  INFO 14988 --- [ch07] [restartedMain] o.a.c.c.C.[Tomcat].[localhost].[/ch07]   : Initializing Spring embedded WebApplicationContext
2024-03-13T09:58:12.626+09:00  INFO 14988 --- [ch07] [restartedMain] w.s.c.ServletWebServerApplicationContext : Root WebApplicationContext: initialization completed in 143 ms
2024-03-13T09:58:12.644+09:00  INFO 14988 --- [ch07] [restartedMain] o.hibernate.jpa.internal.util.LogHelper  : HHH000204: Processing PersistenceUnitInfo [name: default]
2024-03-13T09:58:12.645+09:00  INFO 14988 --- [ch07] [restartedMain] o.h.c.internal.RegionFactoryInitiator    : HHH000026: Second-level cache disabled
2024-03-13T09:58:12.648+09:00  INFO 14988 --- [ch07] [restartedMain] o.s.o.j.p.SpringPersistenceUnitInfo      : No LoadTimeWeaver setup: ignoring JPA class transformer
2024-03-13T09:58:12.649+09:00  INFO 14988 --- [ch07] [restartedMain] com.zaxxer.hikari.HikariDataSource       : HikariPool-2 - Starting...
2024-03-13T09:58:12.655+09:00  INFO 14988 --- [ch07] [restartedMain] com.zaxxer.hikari.pool.HikariPool        : HikariPool-2 - Added connection com.mysql.cj.jdbc.ConnectionImpl@5830f94e
2024-03-13T09:58:12.656+09:00  INFO 14988 --- [ch07] [restartedMain] com.zaxxer.hikari.HikariDataSource       : HikariPool-2 - Start completed.
2024-03-13T09:58:12.656+09:00  WARN 14988 --- [ch07] [restartedMain] org.hibernate.orm.deprecation            : HHH90000025: MySQLDialect does not need to be specified explicitly using 'hibernate.dialect' (remove the property setting and it will be selected by default)
2024-03-13T09:58:12.728+09:00  INFO 14988 --- [ch07] [restartedMain] o.h.e.t.j.p.i.JtaPlatformInitiator       : HHH000489: No JTA platform available (set 'hibernate.transaction.jta.platform' to enable JTA platform integration)
2024-03-13T09:58:12.754+09:00  INFO 14988 --- [ch07] [restartedMain] j.LocalContainerEntityManagerFactoryBean : Initialized JPA EntityManagerFactory for persistence unit 'default'
2024-03-13T09:58:12.857+09:00  WARN 14988 --- [ch07] [restartedMain] JpaBaseConfiguration$JpaWebConfiguration : spring.jpa.open-in-view is enabled by default. Therefore, database queries may be performed during view rendering. Explicitly configure spring.jpa.open-in-view to disable this warning
2024-03-13T09:58:12.862+09:00  INFO 14988 --- [ch07] [restartedMain] o.s.b.a.w.s.WelcomePageHandlerMapping    : Adding welcome page template: index
2024-03-13T09:58:12.964+09:00  INFO 14988 --- [ch07] [restartedMain] o.s.b.d.a.OptionalLiveReloadServer       : LiveReload server is running on port 35729
2024-03-13T09:58:12.969+09:00  INFO 14988 --- [ch07] [restartedMain] o.s.b.w.embedded.tomcat.TomcatWebServer  : Tomcat started on port 8080 (http) with context path '/ch07'
2024-03-13T09:58:12.972+09:00  INFO 14988 --- [ch07] [restartedMain] kr.co.ch07.Ch07Application               : Started Ch07Application in 0.501 seconds (process running for 53.762)
2024-03-13T09:58:12.973+09:00  INFO 14988 --- [ch07] [restartedMain] .ConditionEvaluationDeltaLoggingListener : Condition evaluation unchanged
2024-03-13T09:58:35.938+09:00  INFO 14988 --- [ch07] [http-nio-8080-exec-1] o.a.c.c.C.[Tomcat].[localhost].[/ch07]   : Initializing Spring DispatcherServlet 'dispatcherServlet'
2024-03-13T09:58:35.938+09:00  INFO 14988 --- [ch07] [http-nio-8080-exec-1] o.s.web.servlet.DispatcherServlet        : Initializing Servlet 'dispatcherServlet'
2024-03-13T09:58:35.939+09:00  INFO 14988 --- [ch07] [http-nio-8080-exec-1] o.s.web.servlet.DispatcherServlet        : Completed initialization in 1 ms
2024-03-13T10:00:26.584+09:00  INFO 14988 --- [ch07] [http-nio-8080-exec-6] kr.co.ch07.controller.User5Controller    : [User5DTO(seq=1, name=김유신, gender=F, age=25, addr=울릉도), User5DTO(seq=2, name=김춘추, gender=M, age=23, addr=캐나다), User5DTO(seq=3, name=장보고, gender=F, age=35, addr=전남 완도군), User5DTO(seq=6, name=가을, gender=F, age=32, addr=경기도 성남), User5DTO(seq=8, name=윈터, gender=M, age=29, addr=제주도), User5DTO(seq=9, name=썸머, gender=F, age=26, addr=로스엔젤레스), User5DTO(seq=10, name=봄봄, gender=M, age=30, addr=김해시), User5DTO(seq=11, name=짹짹이, gender=F, age=5, addr=서울시), User5DTO(seq=22, name=한겨울, gender=M, age=23, addr=멕시코), User5DTO(seq=23, name=여름밤, gender=F, age=23, addr=하와이), User5DTO(seq=24, name=볼펜, gender=M, age=20, addr=서울시)]
2024-03-13T10:00:36.773+09:00  INFO 14988 --- [ch07] [http-nio-8080-exec-9] kr.co.ch07.controller.User5Controller    : [User5DTO(seq=1, name=김유신, gender=F, age=25, addr=울릉도), User5DTO(seq=2, name=김춘추, gender=M, age=23, addr=캐나다), User5DTO(seq=3, name=장보고, gender=F, age=35, addr=전남 완도군), User5DTO(seq=6, name=가을, gender=F, age=32, addr=경기도 성남), User5DTO(seq=8, name=윈터, gender=M, age=29, addr=제주도), User5DTO(seq=9, name=썸머, gender=F, age=26, addr=로스엔젤레스), User5DTO(seq=10, name=봄봄, gender=M, age=30, addr=김해시), User5DTO(seq=11, name=짹짹이, gender=F, age=5, addr=서울시), User5DTO(seq=22, name=한겨울, gender=M, age=23, addr=멕시코), User5DTO(seq=23, name=여름밤, gender=F, age=23, addr=하와이), User5DTO(seq=24, name=볼펜, gender=M, age=20, addr=서울시)]
2024-03-13T10:01:23.449+09:00  INFO 14988 --- [ch07] [SpringApplicationShutdownHook] j.LocalContainerEntityManagerFactoryBean : Closing JPA EntityManagerFactory for persistence unit 'default'
2024-03-13T10:01:23.449+09:00  INFO 14988 --- [ch07] [SpringApplicationShutdownHook] com.zaxxer.hikari.HikariDataSource       : HikariPool-2 - Shutdown initiated...
2024-03-13T10:01:23.452+09:00  INFO 14988 --- [ch07] [SpringApplicationShutdownHook] com.zaxxer.hikari.HikariDataSource       : HikariPool-2 - Shutdown completed.
2024-03-13T19:49:37.748+09:00  INFO 11600 --- [ch07] [restartedMain] kr.co.ch07.Ch07Application               : Starting Ch07Application using Java 17.0.9 with PID 11600 (C:\Users\java\Desktop\workspace\Spring\ch07\build\classes\java\main started by java in C:\Users\java\Desktop\workspace\Spring\ch07)
2024-03-13T19:49:37.751+09:00  INFO 11600 --- [ch07] [restartedMain] kr.co.ch07.Ch07Application               : No active profile set, falling back to 1 default profile: "default"
2024-03-13T19:49:37.776+09:00  INFO 11600 --- [ch07] [restartedMain] .e.DevToolsPropertyDefaultsPostProcessor : Devtools property defaults active! Set 'spring.devtools.add-properties' to 'false' to disable
2024-03-13T19:49:37.776+09:00  INFO 11600 --- [ch07] [restartedMain] .e.DevToolsPropertyDefaultsPostProcessor : For additional web related logging consider setting the 'logging.level.web' property to 'DEBUG'
2024-03-13T19:49:38.107+09:00  INFO 11600 --- [ch07] [restartedMain] .s.d.r.c.RepositoryConfigurationDelegate : Bootstrapping Spring Data JPA repositories in DEFAULT mode.
2024-03-13T19:49:38.154+09:00  INFO 11600 --- [ch07] [restartedMain] .s.d.r.c.RepositoryConfigurationDelegate : Finished Spring Data repository scanning in 42 ms. Found 13 JPA repository interfaces.
2024-03-13T19:49:38.414+09:00  INFO 11600 --- [ch07] [restartedMain] o.s.b.w.embedded.tomcat.TomcatWebServer  : Tomcat initialized with port 8080 (http)
2024-03-13T19:49:38.419+09:00  INFO 11600 --- [ch07] [restartedMain] o.apache.catalina.core.StandardService   : Starting service [Tomcat]
2024-03-13T19:49:38.419+09:00  INFO 11600 --- [ch07] [restartedMain] o.apache.catalina.core.StandardEngine    : Starting Servlet engine: [Apache Tomcat/10.1.19]
2024-03-13T19:49:38.445+09:00  INFO 11600 --- [ch07] [restartedMain] o.a.c.c.C.[Tomcat].[localhost].[/ch07]   : Initializing Spring embedded WebApplicationContext
2024-03-13T19:49:38.446+09:00  INFO 11600 --- [ch07] [restartedMain] w.s.c.ServletWebServerApplicationContext : Root WebApplicationContext: initialization completed in 668 ms
2024-03-13T19:49:38.525+09:00  INFO 11600 --- [ch07] [restartedMain] o.hibernate.jpa.internal.util.LogHelper  : HHH000204: Processing PersistenceUnitInfo [name: default]
2024-03-13T19:49:38.550+09:00  INFO 11600 --- [ch07] [restartedMain] org.hibernate.Version                    : HHH000412: Hibernate ORM core version 6.4.4.Final
2024-03-13T19:49:38.565+09:00  INFO 11600 --- [ch07] [restartedMain] o.h.c.internal.RegionFactoryInitiator    : HHH000026: Second-level cache disabled
2024-03-13T19:49:38.687+09:00  INFO 11600 --- [ch07] [restartedMain] o.s.o.j.p.SpringPersistenceUnitInfo      : No LoadTimeWeaver setup: ignoring JPA class transformer
2024-03-13T19:49:38.701+09:00  INFO 11600 --- [ch07] [restartedMain] com.zaxxer.hikari.HikariDataSource       : HikariPool-1 - Starting...
2024-03-13T19:49:38.836+09:00  INFO 11600 --- [ch07] [restartedMain] com.zaxxer.hikari.pool.HikariPool        : HikariPool-1 - Added connection com.mysql.cj.jdbc.ConnectionImpl@3cf7681b
2024-03-13T19:49:38.837+09:00  INFO 11600 --- [ch07] [restartedMain] com.zaxxer.hikari.HikariDataSource       : HikariPool-1 - Start completed.
2024-03-13T19:49:38.864+09:00  WARN 11600 --- [ch07] [restartedMain] org.hibernate.orm.deprecation            : HHH90000025: MySQLDialect does not need to be specified explicitly using 'hibernate.dialect' (remove the property setting and it will be selected by default)
2024-03-13T19:49:39.398+09:00  INFO 11600 --- [ch07] [restartedMain] o.h.e.t.j.p.i.JtaPlatformInitiator       : HHH000489: No JTA platform available (set 'hibernate.transaction.jta.platform' to enable JTA platform integration)
2024-03-13T19:49:39.452+09:00  INFO 11600 --- [ch07] [restartedMain] j.LocalContainerEntityManagerFactoryBean : Initialized JPA EntityManagerFactory for persistence unit 'default'
2024-03-13T19:49:39.622+09:00  INFO 11600 --- [ch07] [restartedMain] o.s.d.j.r.query.QueryEnhancerFactory     : Hibernate is in classpath; If applicable, HQL parser will be used.
2024-03-13T19:49:39.864+09:00  WARN 11600 --- [ch07] [restartedMain] JpaBaseConfiguration$JpaWebConfiguration : spring.jpa.open-in-view is enabled by default. Therefore, database queries may be performed during view rendering. Explicitly configure spring.jpa.open-in-view to disable this warning
2024-03-13T19:49:39.874+09:00  INFO 11600 --- [ch07] [restartedMain] o.s.b.a.w.s.WelcomePageHandlerMapping    : Adding welcome page template: index
2024-03-13T19:49:40.086+09:00  INFO 11600 --- [ch07] [restartedMain] o.s.b.d.a.OptionalLiveReloadServer       : LiveReload server is running on port 35729
2024-03-13T19:49:40.104+09:00  INFO 11600 --- [ch07] [restartedMain] o.s.b.w.embedded.tomcat.TomcatWebServer  : Tomcat started on port 8080 (http) with context path '/ch07'
2024-03-13T19:49:40.108+09:00  INFO 11600 --- [ch07] [restartedMain] kr.co.ch07.Ch07Application               : Started Ch07Application in 2.541 seconds (process running for 2.812)
2024-03-13T19:49:49.316+09:00  INFO 11600 --- [ch07] [http-nio-8080-exec-1] o.a.c.c.C.[Tomcat].[localhost].[/ch07]   : Initializing Spring DispatcherServlet 'dispatcherServlet'
2024-03-13T19:49:49.316+09:00  INFO 11600 --- [ch07] [http-nio-8080-exec-1] o.s.web.servlet.DispatcherServlet        : Initializing Servlet 'dispatcherServlet'
2024-03-13T19:49:49.317+09:00  INFO 11600 --- [ch07] [http-nio-8080-exec-1] o.s.web.servlet.DispatcherServlet        : Completed initialization in 1 ms
2024-03-13T19:50:00.503+09:00  INFO 11600 --- [ch07] [http-nio-8080-exec-4] kr.co.ch07.controller.User5Controller    : [User5DTO(seq=1, name=김유신, gender=F, age=25, addr=울릉도), User5DTO(seq=2, name=김춘추, gender=M, age=23, addr=캐나다), User5DTO(seq=3, name=장보고, gender=F, age=35, addr=전남 완도군), User5DTO(seq=6, name=가을, gender=F, age=32, addr=경기도 성남), User5DTO(seq=8, name=윈터, gender=M, age=29, addr=제주도), User5DTO(seq=9, name=썸머, gender=F, age=26, addr=로스엔젤레스), User5DTO(seq=10, name=봄봄, gender=M, age=30, addr=김해시), User5DTO(seq=11, name=짹짹이, gender=F, age=5, addr=서울시), User5DTO(seq=22, name=한겨울, gender=M, age=23, addr=멕시코), User5DTO(seq=23, name=여름밤, gender=F, age=23, addr=하와이), User5DTO(seq=24, name=볼펜, gender=M, age=20, addr=서울시), User5DTO(seq=25, name=스프링zz, gender=M, age=25, addr=부산시)]
2024-03-13T20:11:13.951+09:00  INFO 11600 --- [ch07] [SpringApplicationShutdownHook] j.LocalContainerEntityManagerFactoryBean : Closing JPA EntityManagerFactory for persistence unit 'default'
2024-03-13T20:11:13.953+09:00  INFO 11600 --- [ch07] [SpringApplicationShutdownHook] com.zaxxer.hikari.HikariDataSource       : HikariPool-1 - Shutdown initiated...
2024-03-13T20:11:13.957+09:00  INFO 11600 --- [ch07] [SpringApplicationShutdownHook] com.zaxxer.hikari.HikariDataSource       : HikariPool-1 - Shutdown completed.
