2024-03-12T08:54:07.059+09:00  INFO 9008 --- [main] kr.co.ch06.mapper.User5MapperTest        : Starting User5MapperTest using Java 17.0.9 with PID 9008 (started by java in C:\Users\java\Desktop\workspace\Spring\ch06)
2024-03-12T08:54:07.062+09:00  INFO 9008 --- [main] kr.co.ch06.mapper.User5MapperTest        : No active profile set, falling back to 1 default profile: "default"
2024-03-12T08:54:07.991+09:00  INFO 9008 --- [main] o.s.b.a.w.s.WelcomePageHandlerMapping    : Adding welcome page template: index
2024-03-12T08:54:08.453+09:00  INFO 9008 --- [main] kr.co.ch06.mapper.User5MapperTest        : Started User5MapperTest in 1.559 seconds (process running for 2.099)
2024-03-12T08:54:09.014+09:00  INFO 9008 --- [main] com.zaxxer.hikari.HikariDataSource       : HikariPool-1 - Starting...
2024-03-12T08:54:09.232+09:00  INFO 9008 --- [main] com.zaxxer.hikari.pool.HikariPool        : HikariPool-1 - Added connection com.mysql.cj.jdbc.ConnectionImpl@7977f046
2024-03-12T08:54:09.233+09:00  INFO 9008 --- [main] com.zaxxer.hikari.HikariDataSource       : HikariPool-1 - Start completed.
2024-03-12T08:54:09.284+09:00  INFO 9008 --- [SpringApplicationShutdownHook] com.zaxxer.hikari.HikariDataSource       : HikariPool-1 - Shutdown initiated...
2024-03-12T08:54:09.289+09:00  INFO 9008 --- [SpringApplicationShutdownHook] com.zaxxer.hikari.HikariDataSource       : HikariPool-1 - Shutdown completed.
2024-03-12T08:55:58.545+09:00  INFO 2772 --- [main] kr.co.ch06.mapper.User5MapperTest        : Starting User5MapperTest using Java 17.0.9 with PID 2772 (started by java in C:\Users\java\Desktop\workspace\Spring\ch06)
2024-03-12T08:55:58.545+09:00  INFO 2772 --- [main] kr.co.ch06.mapper.User5MapperTest        : No active profile set, falling back to 1 default profile: "default"
2024-03-12T08:55:59.408+09:00  INFO 2772 --- [main] o.s.b.a.w.s.WelcomePageHandlerMapping    : Adding welcome page template: index
2024-03-12T08:55:59.819+09:00  INFO 2772 --- [main] kr.co.ch06.mapper.User5MapperTest        : Started User5MapperTest in 1.44 seconds (process running for 1.952)
2024-03-12T08:56:00.386+09:00  INFO 2772 --- [main] com.zaxxer.hikari.HikariDataSource       : HikariPool-1 - Starting...
2024-03-12T08:56:00.553+09:00  INFO 2772 --- [main] com.zaxxer.hikari.pool.HikariPool        : HikariPool-1 - Added connection com.mysql.cj.jdbc.ConnectionImpl@1ce2029b
2024-03-12T08:56:00.554+09:00  INFO 2772 --- [main] com.zaxxer.hikari.HikariDataSource       : HikariPool-1 - Start completed.
2024-03-12T08:56:00.599+09:00  INFO 2772 --- [SpringApplicationShutdownHook] com.zaxxer.hikari.HikariDataSource       : HikariPool-1 - Shutdown initiated...
2024-03-12T08:56:00.602+09:00  INFO 2772 --- [SpringApplicationShutdownHook] com.zaxxer.hikari.HikariDataSource       : HikariPool-1 - Shutdown completed.
2024-03-12T09:56:36.217+09:00  INFO 16924 --- [restartedMain] kr.co.ch06.Ch06Application               : Starting Ch06Application using Java 17.0.9 with PID 16924 (C:\Users\java\Desktop\workspace\Spring\ch06\build\classes\java\main started by java in C:\Users\java\Desktop\workspace\Spring\ch06)
2024-03-12T09:56:36.218+09:00  INFO 16924 --- [restartedMain] kr.co.ch06.Ch06Application               : No active profile set, falling back to 1 default profile: "default"
2024-03-12T09:56:36.325+09:00  INFO 16924 --- [restartedMain] .e.DevToolsPropertyDefaultsPostProcessor : Devtools property defaults active! Set 'spring.devtools.add-properties' to 'false' to disable
2024-03-12T09:56:36.325+09:00  INFO 16924 --- [restartedMain] .e.DevToolsPropertyDefaultsPostProcessor : For additional web related logging consider setting the 'logging.level.web' property to 'DEBUG'
2024-03-12T09:56:36.809+09:00  INFO 16924 --- [restartedMain] o.s.b.w.embedded.tomcat.TomcatWebServer  : Tomcat initialized with port 8080 (http)
2024-03-12T09:56:36.815+09:00  INFO 16924 --- [restartedMain] o.apache.catalina.core.StandardService   : Starting service [Tomcat]
2024-03-12T09:56:36.815+09:00  INFO 16924 --- [restartedMain] o.apache.catalina.core.StandardEngine    : Starting Servlet engine: [Apache Tomcat/10.1.19]
2024-03-12T09:56:36.837+09:00  INFO 16924 --- [restartedMain] o.a.c.c.C.[Tomcat].[localhost].[/ch06]   : Initializing Spring embedded WebApplicationContext
2024-03-12T09:56:36.838+09:00  INFO 16924 --- [restartedMain] w.s.c.ServletWebServerApplicationContext : Root WebApplicationContext: initialization completed in 512 ms
2024-03-12T09:56:36.994+09:00  INFO 16924 --- [restartedMain] o.s.b.a.w.s.WelcomePageHandlerMapping    : Adding welcome page template: index
2024-03-12T09:56:37.169+09:00  WARN 16924 --- [restartedMain] o.s.b.d.a.OptionalLiveReloadServer       : Unable to start LiveReload server
2024-03-12T09:56:37.180+09:00  WARN 16924 --- [restartedMain] ConfigServletWebServerApplicationContext : Exception encountered during context initialization - cancelling refresh attempt: org.springframework.context.ApplicationContextException: Failed to start bean 'webServerStartStop'
2024-03-12T09:56:37.187+09:00  INFO 16924 --- [restartedMain] .s.b.a.l.ConditionEvaluationReportLogger : 

Error starting ApplicationContext. To display the condition evaluation report re-run your application with 'debug' enabled.
2024-03-12T09:56:37.196+09:00 ERROR 16924 --- [restartedMain] o.s.b.d.LoggingFailureAnalysisReporter   : 

***************************
APPLICATION FAILED TO START
***************************

Description:

Web server failed to start. Port 8080 was already in use.

Action:

Identify and stop the process that's listening on port 8080 or configure this application to listen on another port.

2024-03-12T09:56:46.878+09:00  INFO 16500 --- [main] kr.co.ch06.mapper.User5MapperTest        : Starting User5MapperTest using Java 17.0.9 with PID 16500 (started by java in C:\Users\java\Desktop\workspace\Spring\ch06)
2024-03-12T09:56:46.879+09:00  INFO 16500 --- [main] kr.co.ch06.mapper.User5MapperTest        : No active profile set, falling back to 1 default profile: "default"
2024-03-12T09:56:47.708+09:00  INFO 16500 --- [main] o.s.b.a.w.s.WelcomePageHandlerMapping    : Adding welcome page template: index
2024-03-12T09:56:48.115+09:00  INFO 16500 --- [main] kr.co.ch06.mapper.User5MapperTest        : Started User5MapperTest in 1.412 seconds (process running for 1.914)
2024-03-12T09:56:48.603+09:00  INFO 16500 --- [main] kr.co.ch06.mapper.User5MapperTest        : insertUser5...
2024-03-12T09:56:48.612+09:00  INFO 16500 --- [main] com.zaxxer.hikari.HikariDataSource       : HikariPool-1 - Starting...
2024-03-12T09:56:48.778+09:00  INFO 16500 --- [main] com.zaxxer.hikari.pool.HikariPool        : HikariPool-1 - Added connection com.mysql.cj.jdbc.ConnectionImpl@1ce2029b
2024-03-12T09:56:48.779+09:00  INFO 16500 --- [main] com.zaxxer.hikari.HikariDataSource       : HikariPool-1 - Start completed.
2024-03-12T09:56:48.821+09:00  INFO 16500 --- [SpringApplicationShutdownHook] com.zaxxer.hikari.HikariDataSource       : HikariPool-1 - Shutdown initiated...
2024-03-12T09:56:48.824+09:00  INFO 16500 --- [SpringApplicationShutdownHook] com.zaxxer.hikari.HikariDataSource       : HikariPool-1 - Shutdown completed.
2024-03-12T10:00:59.994+09:00  INFO 11100 --- [main] kr.co.ch06.mapper.User5MapperTest        : Starting User5MapperTest using Java 17.0.9 with PID 11100 (started by java in C:\Users\java\Desktop\workspace\Spring\ch06)
2024-03-12T10:00:59.995+09:00  INFO 11100 --- [main] kr.co.ch06.mapper.User5MapperTest        : No active profile set, falling back to 1 default profile: "default"
2024-03-12T10:01:00.876+09:00  INFO 11100 --- [main] o.s.b.a.w.s.WelcomePageHandlerMapping    : Adding welcome page template: index
2024-03-12T10:01:01.281+09:00  INFO 11100 --- [main] kr.co.ch06.mapper.User5MapperTest        : Started User5MapperTest in 1.448 seconds (process running for 1.961)
2024-03-12T10:01:01.754+09:00  INFO 11100 --- [main] kr.co.ch06.mapper.User5MapperTest        : insertUser5...
2024-03-12T10:01:01.765+09:00  INFO 11100 --- [main] com.zaxxer.hikari.HikariDataSource       : HikariPool-1 - Starting...
2024-03-12T10:01:01.948+09:00  INFO 11100 --- [main] com.zaxxer.hikari.pool.HikariPool        : HikariPool-1 - Added connection com.mysql.cj.jdbc.ConnectionImpl@3fd9e01c
2024-03-12T10:01:01.949+09:00  INFO 11100 --- [main] com.zaxxer.hikari.HikariDataSource       : HikariPool-1 - Start completed.
2024-03-12T10:01:01.993+09:00  INFO 11100 --- [SpringApplicationShutdownHook] com.zaxxer.hikari.HikariDataSource       : HikariPool-1 - Shutdown initiated...
2024-03-12T10:01:01.996+09:00  INFO 11100 --- [SpringApplicationShutdownHook] com.zaxxer.hikari.HikariDataSource       : HikariPool-1 - Shutdown completed.
2024-03-12T10:01:27.614+09:00  INFO 16888 --- [main] kr.co.ch06.mapper.User5MapperTest        : Starting User5MapperTest using Java 17.0.9 with PID 16888 (started by java in C:\Users\java\Desktop\workspace\Spring\ch06)
2024-03-12T10:01:27.615+09:00  INFO 16888 --- [main] kr.co.ch06.mapper.User5MapperTest        : No active profile set, falling back to 1 default profile: "default"
2024-03-12T10:01:28.449+09:00  INFO 16888 --- [main] o.s.b.a.w.s.WelcomePageHandlerMapping    : Adding welcome page template: index
2024-03-12T10:01:28.880+09:00  INFO 16888 --- [main] kr.co.ch06.mapper.User5MapperTest        : Started User5MapperTest in 1.418 seconds (process running for 1.927)
2024-03-12T10:01:29.379+09:00  INFO 16888 --- [main] kr.co.ch06.mapper.User5MapperTest        : insertUser5...
2024-03-12T10:01:29.388+09:00  INFO 16888 --- [main] com.zaxxer.hikari.HikariDataSource       : HikariPool-1 - Starting...
2024-03-12T10:01:29.579+09:00  INFO 16888 --- [main] com.zaxxer.hikari.pool.HikariPool        : HikariPool-1 - Added connection com.mysql.cj.jdbc.ConnectionImpl@415262a0
2024-03-12T10:01:29.580+09:00  INFO 16888 --- [main] com.zaxxer.hikari.HikariDataSource       : HikariPool-1 - Start completed.
2024-03-12T10:01:29.632+09:00  INFO 16888 --- [SpringApplicationShutdownHook] com.zaxxer.hikari.HikariDataSource       : HikariPool-1 - Shutdown initiated...
2024-03-12T10:01:29.636+09:00  INFO 16888 --- [SpringApplicationShutdownHook] com.zaxxer.hikari.HikariDataSource       : HikariPool-1 - Shutdown completed.
2024-03-12T10:02:55.847+09:00  INFO 5096 --- [main] kr.co.ch06.mapper.User5MapperTest        : Starting User5MapperTest using Java 17.0.9 with PID 5096 (started by java in C:\Users\java\Desktop\workspace\Spring\ch06)
2024-03-12T10:02:55.848+09:00  INFO 5096 --- [main] kr.co.ch06.mapper.User5MapperTest        : No active profile set, falling back to 1 default profile: "default"
2024-03-12T10:02:56.717+09:00  INFO 5096 --- [main] o.s.b.a.w.s.WelcomePageHandlerMapping    : Adding welcome page template: index
2024-03-12T10:02:57.126+09:00  INFO 5096 --- [main] kr.co.ch06.mapper.User5MapperTest        : Started User5MapperTest in 1.439 seconds (process running for 1.94)
2024-03-12T10:02:57.635+09:00  INFO 5096 --- [main] kr.co.ch06.mapper.User5MapperTest        : insertUser5...
2024-03-12T10:02:57.644+09:00  INFO 5096 --- [main] com.zaxxer.hikari.HikariDataSource       : HikariPool-1 - Starting...
2024-03-12T10:02:57.811+09:00  INFO 5096 --- [main] com.zaxxer.hikari.pool.HikariPool        : HikariPool-1 - Added connection com.mysql.cj.jdbc.ConnectionImpl@4d0b7fd5
2024-03-12T10:02:57.813+09:00  INFO 5096 --- [main] com.zaxxer.hikari.HikariDataSource       : HikariPool-1 - Start completed.
2024-03-12T10:02:57.856+09:00  INFO 5096 --- [SpringApplicationShutdownHook] com.zaxxer.hikari.HikariDataSource       : HikariPool-1 - Shutdown initiated...
2024-03-12T10:02:57.859+09:00  INFO 5096 --- [SpringApplicationShutdownHook] com.zaxxer.hikari.HikariDataSource       : HikariPool-1 - Shutdown completed.
2024-03-12T21:06:55.875+09:00  INFO 7532 --- [restartedMain] kr.co.ch06.Ch06Application               : Starting Ch06Application using Java 17.0.9 with PID 7532 (C:\Users\java\Desktop\workspace\Spring\ch06\build\classes\java\main started by java in C:\Users\java\Desktop\workspace\Spring\ch06)
2024-03-12T21:06:55.876+09:00  INFO 7532 --- [restartedMain] kr.co.ch06.Ch06Application               : No active profile set, falling back to 1 default profile: "default"
2024-03-12T21:06:55.987+09:00  INFO 7532 --- [restartedMain] .e.DevToolsPropertyDefaultsPostProcessor : Devtools property defaults active! Set 'spring.devtools.add-properties' to 'false' to disable
2024-03-12T21:06:55.987+09:00  INFO 7532 --- [restartedMain] .e.DevToolsPropertyDefaultsPostProcessor : For additional web related logging consider setting the 'logging.level.web' property to 'DEBUG'
2024-03-12T21:06:56.488+09:00  INFO 7532 --- [restartedMain] o.s.b.w.embedded.tomcat.TomcatWebServer  : Tomcat initialized with port 8080 (http)
2024-03-12T21:06:56.493+09:00  INFO 7532 --- [restartedMain] o.apache.catalina.core.StandardService   : Starting service [Tomcat]
2024-03-12T21:06:56.494+09:00  INFO 7532 --- [restartedMain] o.apache.catalina.core.StandardEngine    : Starting Servlet engine: [Apache Tomcat/10.1.19]
2024-03-12T21:06:56.516+09:00  INFO 7532 --- [restartedMain] o.a.c.c.C.[Tomcat].[localhost].[/ch06]   : Initializing Spring embedded WebApplicationContext
2024-03-12T21:06:56.516+09:00  INFO 7532 --- [restartedMain] w.s.c.ServletWebServerApplicationContext : Root WebApplicationContext: initialization completed in 529 ms
2024-03-12T21:06:56.676+09:00  INFO 7532 --- [restartedMain] o.s.b.a.w.s.WelcomePageHandlerMapping    : Adding welcome page template: index
2024-03-12T21:06:56.849+09:00  INFO 7532 --- [restartedMain] o.s.b.d.a.OptionalLiveReloadServer       : LiveReload server is running on port 35729
2024-03-12T21:06:56.865+09:00  INFO 7532 --- [restartedMain] o.s.b.w.embedded.tomcat.TomcatWebServer  : Tomcat started on port 8080 (http) with context path '/ch06'
2024-03-12T21:06:56.871+09:00  INFO 7532 --- [restartedMain] kr.co.ch06.Ch06Application               : Started Ch06Application in 1.175 seconds (process running for 1.434)
2024-03-12T21:07:03.188+09:00  INFO 7532 --- [http-nio-8080-exec-1] o.a.c.c.C.[Tomcat].[localhost].[/ch06]   : Initializing Spring DispatcherServlet 'dispatcherServlet'
2024-03-12T21:07:03.188+09:00  INFO 7532 --- [http-nio-8080-exec-1] o.s.web.servlet.DispatcherServlet        : Initializing Servlet 'dispatcherServlet'
2024-03-12T21:07:03.189+09:00  INFO 7532 --- [http-nio-8080-exec-1] o.s.web.servlet.DispatcherServlet        : Completed initialization in 1 ms
2024-03-12T21:07:03.364+09:00  WARN 7532 --- [http-nio-8080-exec-1] o.t.s.p.StandardIncludeTagProcessor      : [THYMELEAF][http-nio-8080-exec-1][/index] Deprecated attribute {th:include,data-th-include} found in template /index, line 63, col 15. Please use {th:insert,data-th-insert} instead, this deprecated attribute will be removed in future versions of Thymeleaf.
2024-03-12T21:07:03.365+09:00  WARN 7532 --- [http-nio-8080-exec-1] actStandardFragmentInsertionTagProcessor : [THYMELEAF][http-nio-8080-exec-1][/index] Deprecated unwrapped fragment expression "/include/_header.html" found in template /index, line 63, col 15. Please use the complete syntax of fragment expressions instead ("~{/include/_header.html}"). The old, unwrapped syntax for fragment expressions will be removed in future versions of Thymeleaf.
2024-03-12T21:07:03.366+09:00  WARN 7532 --- [http-nio-8080-exec-1] o.t.s.p.StandardIncludeTagProcessor      : [THYMELEAF][http-nio-8080-exec-1][/index] Deprecated attribute {th:include,data-th-include} found in template /index, line 64, col 15. Please use {th:insert,data-th-insert} instead, this deprecated attribute will be removed in future versions of Thymeleaf.
2024-03-12T21:07:03.366+09:00  WARN 7532 --- [http-nio-8080-exec-1] actStandardFragmentInsertionTagProcessor : [THYMELEAF][http-nio-8080-exec-1][/index] Deprecated unwrapped fragment expression "/include/_footer.html" found in template /index, line 64, col 15. Please use the complete syntax of fragment expressions instead ("~{/include/_footer.html}"). The old, unwrapped syntax for fragment expressions will be removed in future versions of Thymeleaf.
2024-03-12T21:07:03.367+09:00  WARN 7532 --- [http-nio-8080-exec-1] actStandardFragmentInsertionTagProcessor : [THYMELEAF][http-nio-8080-exec-1][/index] Deprecated unwrapped fragment expression "/include/_header.html" found in template /index, line 66, col 10. Please use the complete syntax of fragment expressions instead ("~{/include/_header.html}"). The old, unwrapped syntax for fragment expressions will be removed in future versions of Thymeleaf.
2024-03-12T21:07:03.367+09:00  WARN 7532 --- [http-nio-8080-exec-1] actStandardFragmentInsertionTagProcessor : [THYMELEAF][http-nio-8080-exec-1][/index] Deprecated unwrapped fragment expression "/include/_footer.html" found in template /index, line 67, col 10. Please use the complete syntax of fragment expressions instead ("~{/include/_footer.html}"). The old, unwrapped syntax for fragment expressions will be removed in future versions of Thymeleaf.
2024-03-12T21:07:03.367+09:00  WARN 7532 --- [http-nio-8080-exec-1] actStandardFragmentInsertionTagProcessor : [THYMELEAF][http-nio-8080-exec-1][/index] Deprecated unwrapped fragment expression "/include/_header.html" found in template /index, line 69, col 10. Please use the complete syntax of fragment expressions instead ("~{/include/_header.html}"). The old, unwrapped syntax for fragment expressions will be removed in future versions of Thymeleaf.
2024-03-12T21:07:03.368+09:00  WARN 7532 --- [http-nio-8080-exec-1] actStandardFragmentInsertionTagProcessor : [THYMELEAF][http-nio-8080-exec-1][/index] Deprecated unwrapped fragment expression "/include/_footer.html" found in template /index, line 70, col 10. Please use the complete syntax of fragment expressions instead ("~{/include/_footer.html}"). The old, unwrapped syntax for fragment expressions will be removed in future versions of Thymeleaf.
2024-03-12T21:07:03.368+09:00  WARN 7532 --- [http-nio-8080-exec-1] o.t.s.p.StandardIncludeTagProcessor      : [THYMELEAF][http-nio-8080-exec-1][/index] Deprecated attribute {th:include,data-th-include} found in template /index, line 72, col 15. Please use {th:insert,data-th-insert} instead, this deprecated attribute will be removed in future versions of Thymeleaf.
2024-03-12T21:07:03.373+09:00  WARN 7532 --- [http-nio-8080-exec-1] o.t.s.p.StandardIncludeTagProcessor      : [THYMELEAF][http-nio-8080-exec-1][/index] Deprecated attribute {th:include,data-th-include} found in template /index, line 73, col 15. Please use {th:insert,data-th-insert} instead, this deprecated attribute will be removed in future versions of Thymeleaf.
2024-03-12T21:07:05.753+09:00  INFO 7532 --- [http-nio-8080-exec-2] com.zaxxer.hikari.HikariDataSource       : HikariPool-1 - Starting...
2024-03-12T21:07:05.877+09:00  INFO 7532 --- [http-nio-8080-exec-2] com.zaxxer.hikari.pool.HikariPool        : HikariPool-1 - Added connection com.mysql.cj.jdbc.ConnectionImpl@55e9611c
2024-03-12T21:07:05.878+09:00  INFO 7532 --- [http-nio-8080-exec-2] com.zaxxer.hikari.HikariDataSource       : HikariPool-1 - Start completed.
2024-03-12T21:07:05.900+09:00  INFO 7532 --- [http-nio-8080-exec-2] kr.co.ch06.controller.User5Controller    : [User5DTO(seq=1, name=김유신, gender=F, age=25, addr=울릉도), User5DTO(seq=2, name=김춘추, gender=M, age=23, addr=캐나다), User5DTO(seq=3, name=장보고, gender=F, age=35, addr=전남 완도군), User5DTO(seq=6, name=가을, gender=F, age=32, addr=경기도 성남), User5DTO(seq=8, name=윈터, gender=M, age=29, addr=제주도), User5DTO(seq=9, name=썸머, gender=F, age=26, addr=로스엔젤레스), User5DTO(seq=10, name=봄봄, gender=M, age=30, addr=김해시), User5DTO(seq=11, name=짹짹이, gender=F, age=5, addr=서울시), User5DTO(seq=22, name=한겨울, gender=M, age=23, addr=멕시코)]
2024-03-12T21:07:35.337+09:00  WARN 7532 --- [http-nio-8080-exec-6] o.t.s.p.StandardIncludeTagProcessor      : [THYMELEAF][http-nio-8080-exec-6][/index] Deprecated attribute {th:include,data-th-include} found in template /index, line 63, col 15. Please use {th:insert,data-th-insert} instead, this deprecated attribute will be removed in future versions of Thymeleaf.
2024-03-12T21:07:35.337+09:00  WARN 7532 --- [http-nio-8080-exec-6] actStandardFragmentInsertionTagProcessor : [THYMELEAF][http-nio-8080-exec-6][/index] Deprecated unwrapped fragment expression "/include/_header.html" found in template /index, line 63, col 15. Please use the complete syntax of fragment expressions instead ("~{/include/_header.html}"). The old, unwrapped syntax for fragment expressions will be removed in future versions of Thymeleaf.
2024-03-12T21:07:35.337+09:00  WARN 7532 --- [http-nio-8080-exec-6] o.t.s.p.StandardIncludeTagProcessor      : [THYMELEAF][http-nio-8080-exec-6][/index] Deprecated attribute {th:include,data-th-include} found in template /index, line 64, col 15. Please use {th:insert,data-th-insert} instead, this deprecated attribute will be removed in future versions of Thymeleaf.
2024-03-12T21:07:35.337+09:00  WARN 7532 --- [http-nio-8080-exec-6] actStandardFragmentInsertionTagProcessor : [THYMELEAF][http-nio-8080-exec-6][/index] Deprecated unwrapped fragment expression "/include/_footer.html" found in template /index, line 64, col 15. Please use the complete syntax of fragment expressions instead ("~{/include/_footer.html}"). The old, unwrapped syntax for fragment expressions will be removed in future versions of Thymeleaf.
2024-03-12T21:07:35.338+09:00  WARN 7532 --- [http-nio-8080-exec-6] actStandardFragmentInsertionTagProcessor : [THYMELEAF][http-nio-8080-exec-6][/index] Deprecated unwrapped fragment expression "/include/_header.html" found in template /index, line 66, col 10. Please use the complete syntax of fragment expressions instead ("~{/include/_header.html}"). The old, unwrapped syntax for fragment expressions will be removed in future versions of Thymeleaf.
2024-03-12T21:07:35.338+09:00  WARN 7532 --- [http-nio-8080-exec-6] actStandardFragmentInsertionTagProcessor : [THYMELEAF][http-nio-8080-exec-6][/index] Deprecated unwrapped fragment expression "/include/_footer.html" found in template /index, line 67, col 10. Please use the complete syntax of fragment expressions instead ("~{/include/_footer.html}"). The old, unwrapped syntax for fragment expressions will be removed in future versions of Thymeleaf.
2024-03-12T21:07:35.338+09:00  WARN 7532 --- [http-nio-8080-exec-6] actStandardFragmentInsertionTagProcessor : [THYMELEAF][http-nio-8080-exec-6][/index] Deprecated unwrapped fragment expression "/include/_header.html" found in template /index, line 69, col 10. Please use the complete syntax of fragment expressions instead ("~{/include/_header.html}"). The old, unwrapped syntax for fragment expressions will be removed in future versions of Thymeleaf.
2024-03-12T21:07:35.339+09:00  WARN 7532 --- [http-nio-8080-exec-6] actStandardFragmentInsertionTagProcessor : [THYMELEAF][http-nio-8080-exec-6][/index] Deprecated unwrapped fragment expression "/include/_footer.html" found in template /index, line 70, col 10. Please use the complete syntax of fragment expressions instead ("~{/include/_footer.html}"). The old, unwrapped syntax for fragment expressions will be removed in future versions of Thymeleaf.
2024-03-12T21:07:35.339+09:00  WARN 7532 --- [http-nio-8080-exec-6] o.t.s.p.StandardIncludeTagProcessor      : [THYMELEAF][http-nio-8080-exec-6][/index] Deprecated attribute {th:include,data-th-include} found in template /index, line 72, col 15. Please use {th:insert,data-th-insert} instead, this deprecated attribute will be removed in future versions of Thymeleaf.
2024-03-12T21:07:35.339+09:00  WARN 7532 --- [http-nio-8080-exec-6] o.t.s.p.StandardIncludeTagProcessor      : [THYMELEAF][http-nio-8080-exec-6][/index] Deprecated attribute {th:include,data-th-include} found in template /index, line 73, col 15. Please use {th:insert,data-th-insert} instead, this deprecated attribute will be removed in future versions of Thymeleaf.
2024-03-12T21:07:42.384+09:00  WARN 7532 --- [http-nio-8080-exec-8] o.t.s.p.StandardIncludeTagProcessor      : [THYMELEAF][http-nio-8080-exec-8][/index] Deprecated attribute {th:include,data-th-include} found in template /index, line 63, col 15. Please use {th:insert,data-th-insert} instead, this deprecated attribute will be removed in future versions of Thymeleaf.
2024-03-12T21:07:42.384+09:00  WARN 7532 --- [http-nio-8080-exec-8] actStandardFragmentInsertionTagProcessor : [THYMELEAF][http-nio-8080-exec-8][/index] Deprecated unwrapped fragment expression "/include/_header.html" found in template /index, line 63, col 15. Please use the complete syntax of fragment expressions instead ("~{/include/_header.html}"). The old, unwrapped syntax for fragment expressions will be removed in future versions of Thymeleaf.
2024-03-12T21:07:42.385+09:00  WARN 7532 --- [http-nio-8080-exec-8] o.t.s.p.StandardIncludeTagProcessor      : [THYMELEAF][http-nio-8080-exec-8][/index] Deprecated attribute {th:include,data-th-include} found in template /index, line 64, col 15. Please use {th:insert,data-th-insert} instead, this deprecated attribute will be removed in future versions of Thymeleaf.
2024-03-12T21:07:42.385+09:00  WARN 7532 --- [http-nio-8080-exec-8] actStandardFragmentInsertionTagProcessor : [THYMELEAF][http-nio-8080-exec-8][/index] Deprecated unwrapped fragment expression "/include/_footer.html" found in template /index, line 64, col 15. Please use the complete syntax of fragment expressions instead ("~{/include/_footer.html}"). The old, unwrapped syntax for fragment expressions will be removed in future versions of Thymeleaf.
2024-03-12T21:07:42.385+09:00  WARN 7532 --- [http-nio-8080-exec-8] actStandardFragmentInsertionTagProcessor : [THYMELEAF][http-nio-8080-exec-8][/index] Deprecated unwrapped fragment expression "/include/_header.html" found in template /index, line 66, col 10. Please use the complete syntax of fragment expressions instead ("~{/include/_header.html}"). The old, unwrapped syntax for fragment expressions will be removed in future versions of Thymeleaf.
2024-03-12T21:07:42.386+09:00  WARN 7532 --- [http-nio-8080-exec-8] actStandardFragmentInsertionTagProcessor : [THYMELEAF][http-nio-8080-exec-8][/index] Deprecated unwrapped fragment expression "/include/_footer.html" found in template /index, line 67, col 10. Please use the complete syntax of fragment expressions instead ("~{/include/_footer.html}"). The old, unwrapped syntax for fragment expressions will be removed in future versions of Thymeleaf.
2024-03-12T21:07:42.386+09:00  WARN 7532 --- [http-nio-8080-exec-8] actStandardFragmentInsertionTagProcessor : [THYMELEAF][http-nio-8080-exec-8][/index] Deprecated unwrapped fragment expression "/include/_header.html" found in template /index, line 69, col 10. Please use the complete syntax of fragment expressions instead ("~{/include/_header.html}"). The old, unwrapped syntax for fragment expressions will be removed in future versions of Thymeleaf.
2024-03-12T21:07:42.386+09:00  WARN 7532 --- [http-nio-8080-exec-8] actStandardFragmentInsertionTagProcessor : [THYMELEAF][http-nio-8080-exec-8][/index] Deprecated unwrapped fragment expression "/include/_footer.html" found in template /index, line 70, col 10. Please use the complete syntax of fragment expressions instead ("~{/include/_footer.html}"). The old, unwrapped syntax for fragment expressions will be removed in future versions of Thymeleaf.
2024-03-12T21:07:42.387+09:00  WARN 7532 --- [http-nio-8080-exec-8] o.t.s.p.StandardIncludeTagProcessor      : [THYMELEAF][http-nio-8080-exec-8][/index] Deprecated attribute {th:include,data-th-include} found in template /index, line 72, col 15. Please use {th:insert,data-th-insert} instead, this deprecated attribute will be removed in future versions of Thymeleaf.
2024-03-12T21:07:42.387+09:00  WARN 7532 --- [http-nio-8080-exec-8] o.t.s.p.StandardIncludeTagProcessor      : [THYMELEAF][http-nio-8080-exec-8][/index] Deprecated attribute {th:include,data-th-include} found in template /index, line 73, col 15. Please use {th:insert,data-th-insert} instead, this deprecated attribute will be removed in future versions of Thymeleaf.
2024-03-12T21:09:48.753+09:00  INFO 7532 --- [File Watcher] rtingClassPathChangeChangedEventListener : Restarting due to 1 class path change (0 additions, 0 deletions, 1 modification)
2024-03-12T21:09:48.767+09:00  INFO 7532 --- [Thread-5] com.zaxxer.hikari.HikariDataSource       : HikariPool-1 - Shutdown initiated...
2024-03-12T21:09:48.771+09:00  INFO 7532 --- [Thread-5] com.zaxxer.hikari.HikariDataSource       : HikariPool-1 - Shutdown completed.
2024-03-12T21:09:48.808+09:00  INFO 7532 --- [restartedMain] kr.co.ch06.Ch06Application               : Starting Ch06Application using Java 17.0.9 with PID 7532 (C:\Users\java\Desktop\workspace\Spring\ch06\build\classes\java\main started by java in C:\Users\java\Desktop\workspace\Spring\ch06)
2024-03-12T21:09:48.808+09:00  INFO 7532 --- [restartedMain] kr.co.ch06.Ch06Application               : No active profile set, falling back to 1 default profile: "default"
2024-03-12T21:09:48.922+09:00  INFO 7532 --- [restartedMain] o.s.b.w.embedded.tomcat.TomcatWebServer  : Tomcat initialized with port 8080 (http)
2024-03-12T21:09:48.923+09:00  INFO 7532 --- [restartedMain] o.apache.catalina.core.StandardService   : Starting service [Tomcat]
2024-03-12T21:09:48.923+09:00  INFO 7532 --- [restartedMain] o.apache.catalina.core.StandardEngine    : Starting Servlet engine: [Apache Tomcat/10.1.19]
2024-03-12T21:09:48.928+09:00  INFO 7532 --- [restartedMain] o.a.c.c.C.[Tomcat].[localhost].[/ch06]   : Initializing Spring embedded WebApplicationContext
2024-03-12T21:09:48.928+09:00  INFO 7532 --- [restartedMain] w.s.c.ServletWebServerApplicationContext : Root WebApplicationContext: initialization completed in 117 ms
2024-03-12T21:09:48.971+09:00  INFO 7532 --- [restartedMain] o.s.b.a.w.s.WelcomePageHandlerMapping    : Adding welcome page template: index
2024-03-12T21:09:49.018+09:00  INFO 7532 --- [restartedMain] o.s.b.d.a.OptionalLiveReloadServer       : LiveReload server is running on port 35729
2024-03-12T21:09:49.023+09:00  INFO 7532 --- [restartedMain] o.s.b.w.embedded.tomcat.TomcatWebServer  : Tomcat started on port 8080 (http) with context path '/ch06'
2024-03-12T21:09:49.026+09:00  INFO 7532 --- [restartedMain] kr.co.ch06.Ch06Application               : Started Ch06Application in 0.23 seconds (process running for 173.59)
2024-03-12T21:09:49.027+09:00  INFO 7532 --- [restartedMain] .ConditionEvaluationDeltaLoggingListener : Condition evaluation unchanged
2024-03-12T21:09:49.351+09:00  INFO 7532 --- [http-nio-8080-exec-1] o.a.c.c.C.[Tomcat].[localhost].[/ch06]   : Initializing Spring DispatcherServlet 'dispatcherServlet'
2024-03-12T21:09:49.352+09:00  INFO 7532 --- [http-nio-8080-exec-1] o.s.web.servlet.DispatcherServlet        : Initializing Servlet 'dispatcherServlet'
2024-03-12T21:09:49.352+09:00  INFO 7532 --- [http-nio-8080-exec-1] o.s.web.servlet.DispatcherServlet        : Completed initialization in 0 ms
2024-03-12T21:09:54.324+09:00  WARN 7532 --- [http-nio-8080-exec-2] o.t.s.p.StandardIncludeTagProcessor      : [THYMELEAF][http-nio-8080-exec-2][/index] Deprecated attribute {th:include,data-th-include} found in template /index, line 63, col 15. Please use {th:insert,data-th-insert} instead, this deprecated attribute will be removed in future versions of Thymeleaf.
2024-03-12T21:09:54.324+09:00  WARN 7532 --- [http-nio-8080-exec-2] actStandardFragmentInsertionTagProcessor : [THYMELEAF][http-nio-8080-exec-2][/index] Deprecated unwrapped fragment expression "/include/_header.html" found in template /index, line 63, col 15. Please use the complete syntax of fragment expressions instead ("~{/include/_header.html}"). The old, unwrapped syntax for fragment expressions will be removed in future versions of Thymeleaf.
2024-03-12T21:09:54.325+09:00  WARN 7532 --- [http-nio-8080-exec-2] o.t.s.p.StandardIncludeTagProcessor      : [THYMELEAF][http-nio-8080-exec-2][/index] Deprecated attribute {th:include,data-th-include} found in template /index, line 64, col 15. Please use {th:insert,data-th-insert} instead, this deprecated attribute will be removed in future versions of Thymeleaf.
2024-03-12T21:09:54.325+09:00  WARN 7532 --- [http-nio-8080-exec-2] actStandardFragmentInsertionTagProcessor : [THYMELEAF][http-nio-8080-exec-2][/index] Deprecated unwrapped fragment expression "/include/_footer.html" found in template /index, line 64, col 15. Please use the complete syntax of fragment expressions instead ("~{/include/_footer.html}"). The old, unwrapped syntax for fragment expressions will be removed in future versions of Thymeleaf.
2024-03-12T21:09:54.325+09:00  WARN 7532 --- [http-nio-8080-exec-2] actStandardFragmentInsertionTagProcessor : [THYMELEAF][http-nio-8080-exec-2][/index] Deprecated unwrapped fragment expression "/include/_header.html" found in template /index, line 66, col 10. Please use the complete syntax of fragment expressions instead ("~{/include/_header.html}"). The old, unwrapped syntax for fragment expressions will be removed in future versions of Thymeleaf.
2024-03-12T21:09:54.325+09:00  WARN 7532 --- [http-nio-8080-exec-2] actStandardFragmentInsertionTagProcessor : [THYMELEAF][http-nio-8080-exec-2][/index] Deprecated unwrapped fragment expression "/include/_footer.html" found in template /index, line 67, col 10. Please use the complete syntax of fragment expressions instead ("~{/include/_footer.html}"). The old, unwrapped syntax for fragment expressions will be removed in future versions of Thymeleaf.
2024-03-12T21:09:54.326+09:00  WARN 7532 --- [http-nio-8080-exec-2] actStandardFragmentInsertionTagProcessor : [THYMELEAF][http-nio-8080-exec-2][/index] Deprecated unwrapped fragment expression "/include/_header.html" found in template /index, line 69, col 10. Please use the complete syntax of fragment expressions instead ("~{/include/_header.html}"). The old, unwrapped syntax for fragment expressions will be removed in future versions of Thymeleaf.
2024-03-12T21:09:54.326+09:00  WARN 7532 --- [http-nio-8080-exec-2] actStandardFragmentInsertionTagProcessor : [THYMELEAF][http-nio-8080-exec-2][/index] Deprecated unwrapped fragment expression "/include/_footer.html" found in template /index, line 70, col 10. Please use the complete syntax of fragment expressions instead ("~{/include/_footer.html}"). The old, unwrapped syntax for fragment expressions will be removed in future versions of Thymeleaf.
2024-03-12T21:09:54.326+09:00  WARN 7532 --- [http-nio-8080-exec-2] o.t.s.p.StandardIncludeTagProcessor      : [THYMELEAF][http-nio-8080-exec-2][/index] Deprecated attribute {th:include,data-th-include} found in template /index, line 72, col 15. Please use {th:insert,data-th-insert} instead, this deprecated attribute will be removed in future versions of Thymeleaf.
2024-03-12T21:09:54.327+09:00  WARN 7532 --- [http-nio-8080-exec-2] o.t.s.p.StandardIncludeTagProcessor      : [THYMELEAF][http-nio-8080-exec-2][/index] Deprecated attribute {th:include,data-th-include} found in template /index, line 73, col 15. Please use {th:insert,data-th-insert} instead, this deprecated attribute will be removed in future versions of Thymeleaf.
2024-03-12T21:10:05.840+09:00  INFO 7532 --- [File Watcher] rtingClassPathChangeChangedEventListener : Restarting due to 32 class path changes (0 additions, 0 deletions, 32 modifications)
2024-03-12T21:10:05.882+09:00  INFO 7532 --- [restartedMain] kr.co.ch06.Ch06Application               : Starting Ch06Application using Java 17.0.9 with PID 7532 (C:\Users\java\Desktop\workspace\Spring\ch06\build\classes\java\main started by java in C:\Users\java\Desktop\workspace\Spring\ch06)
2024-03-12T21:10:05.882+09:00  INFO 7532 --- [restartedMain] kr.co.ch06.Ch06Application               : No active profile set, falling back to 1 default profile: "default"
2024-03-12T21:10:05.976+09:00  INFO 7532 --- [restartedMain] o.s.b.w.embedded.tomcat.TomcatWebServer  : Tomcat initialized with port 8080 (http)
2024-03-12T21:10:05.977+09:00  INFO 7532 --- [restartedMain] o.apache.catalina.core.StandardService   : Starting service [Tomcat]
2024-03-12T21:10:05.977+09:00  INFO 7532 --- [restartedMain] o.apache.catalina.core.StandardEngine    : Starting Servlet engine: [Apache Tomcat/10.1.19]
2024-03-12T21:10:05.982+09:00  INFO 7532 --- [restartedMain] o.a.c.c.C.[Tomcat].[localhost].[/ch06]   : Initializing Spring embedded WebApplicationContext
2024-03-12T21:10:05.982+09:00  INFO 7532 --- [restartedMain] w.s.c.ServletWebServerApplicationContext : Root WebApplicationContext: initialization completed in 99 ms
2024-03-12T21:10:06.018+09:00  INFO 7532 --- [restartedMain] o.s.b.a.w.s.WelcomePageHandlerMapping    : Adding welcome page template: index
2024-03-12T21:10:06.046+09:00  INFO 7532 --- [restartedMain] o.s.b.d.a.OptionalLiveReloadServer       : LiveReload server is running on port 35729
2024-03-12T21:10:06.053+09:00  INFO 7532 --- [restartedMain] o.s.b.w.embedded.tomcat.TomcatWebServer  : Tomcat started on port 8080 (http) with context path '/ch06'
2024-03-12T21:10:06.055+09:00  INFO 7532 --- [restartedMain] kr.co.ch06.Ch06Application               : Started Ch06Application in 0.182 seconds (process running for 190.619)
2024-03-12T21:10:06.056+09:00  INFO 7532 --- [restartedMain] .ConditionEvaluationDeltaLoggingListener : Condition evaluation unchanged
2024-03-12T21:10:06.232+09:00  INFO 7532 --- [http-nio-8080-exec-1] o.a.c.c.C.[Tomcat].[localhost].[/ch06]   : Initializing Spring DispatcherServlet 'dispatcherServlet'
2024-03-12T21:10:06.232+09:00  INFO 7532 --- [http-nio-8080-exec-1] o.s.web.servlet.DispatcherServlet        : Initializing Servlet 'dispatcherServlet'
2024-03-12T21:10:06.232+09:00  INFO 7532 --- [http-nio-8080-exec-1] o.s.web.servlet.DispatcherServlet        : Completed initialization in 0 ms
2024-03-12T21:10:06.242+09:00  WARN 7532 --- [http-nio-8080-exec-1] o.t.s.p.StandardIncludeTagProcessor      : [THYMELEAF][http-nio-8080-exec-1][/index] Deprecated attribute {th:include,data-th-include} found in template /index, line 63, col 15. Please use {th:insert,data-th-insert} instead, this deprecated attribute will be removed in future versions of Thymeleaf.
2024-03-12T21:10:06.242+09:00  WARN 7532 --- [http-nio-8080-exec-1] actStandardFragmentInsertionTagProcessor : [THYMELEAF][http-nio-8080-exec-1][/index] Deprecated unwrapped fragment expression "/include/_header.html" found in template /index, line 63, col 15. Please use the complete syntax of fragment expressions instead ("~{/include/_header.html}"). The old, unwrapped syntax for fragment expressions will be removed in future versions of Thymeleaf.
2024-03-12T21:10:06.243+09:00  WARN 7532 --- [http-nio-8080-exec-1] o.t.s.p.StandardIncludeTagProcessor      : [THYMELEAF][http-nio-8080-exec-1][/index] Deprecated attribute {th:include,data-th-include} found in template /index, line 64, col 15. Please use {th:insert,data-th-insert} instead, this deprecated attribute will be removed in future versions of Thymeleaf.
2024-03-12T21:10:06.243+09:00  WARN 7532 --- [http-nio-8080-exec-1] actStandardFragmentInsertionTagProcessor : [THYMELEAF][http-nio-8080-exec-1][/index] Deprecated unwrapped fragment expression "/include/_footer.html" found in template /index, line 64, col 15. Please use the complete syntax of fragment expressions instead ("~{/include/_footer.html}"). The old, unwrapped syntax for fragment expressions will be removed in future versions of Thymeleaf.
2024-03-12T21:10:06.243+09:00  WARN 7532 --- [http-nio-8080-exec-1] actStandardFragmentInsertionTagProcessor : [THYMELEAF][http-nio-8080-exec-1][/index] Deprecated unwrapped fragment expression "/include/_header.html" found in template /index, line 66, col 10. Please use the complete syntax of fragment expressions instead ("~{/include/_header.html}"). The old, unwrapped syntax for fragment expressions will be removed in future versions of Thymeleaf.
2024-03-12T21:10:06.243+09:00  WARN 7532 --- [http-nio-8080-exec-1] actStandardFragmentInsertionTagProcessor : [THYMELEAF][http-nio-8080-exec-1][/index] Deprecated unwrapped fragment expression "/include/_footer.html" found in template /index, line 67, col 10. Please use the complete syntax of fragment expressions instead ("~{/include/_footer.html}"). The old, unwrapped syntax for fragment expressions will be removed in future versions of Thymeleaf.
2024-03-12T21:10:06.243+09:00  WARN 7532 --- [http-nio-8080-exec-1] actStandardFragmentInsertionTagProcessor : [THYMELEAF][http-nio-8080-exec-1][/index] Deprecated unwrapped fragment expression "/include/_header.html" found in template /index, line 69, col 10. Please use the complete syntax of fragment expressions instead ("~{/include/_header.html}"). The old, unwrapped syntax for fragment expressions will be removed in future versions of Thymeleaf.
2024-03-12T21:10:06.244+09:00  WARN 7532 --- [http-nio-8080-exec-1] actStandardFragmentInsertionTagProcessor : [THYMELEAF][http-nio-8080-exec-1][/index] Deprecated unwrapped fragment expression "/include/_footer.html" found in template /index, line 70, col 10. Please use the complete syntax of fragment expressions instead ("~{/include/_footer.html}"). The old, unwrapped syntax for fragment expressions will be removed in future versions of Thymeleaf.
2024-03-12T21:10:06.244+09:00  WARN 7532 --- [http-nio-8080-exec-1] o.t.s.p.StandardIncludeTagProcessor      : [THYMELEAF][http-nio-8080-exec-1][/index] Deprecated attribute {th:include,data-th-include} found in template /index, line 72, col 15. Please use {th:insert,data-th-insert} instead, this deprecated attribute will be removed in future versions of Thymeleaf.
2024-03-12T21:10:06.244+09:00  WARN 7532 --- [http-nio-8080-exec-1] o.t.s.p.StandardIncludeTagProcessor      : [THYMELEAF][http-nio-8080-exec-1][/index] Deprecated attribute {th:include,data-th-include} found in template /index, line 73, col 15. Please use {th:insert,data-th-insert} instead, this deprecated attribute will be removed in future versions of Thymeleaf.
2024-03-12T21:10:09.422+09:00  WARN 7532 --- [http-nio-8080-exec-3] o.t.s.p.StandardIncludeTagProcessor      : [THYMELEAF][http-nio-8080-exec-3][/index] Deprecated attribute {th:include,data-th-include} found in template /index, line 63, col 15. Please use {th:insert,data-th-insert} instead, this deprecated attribute will be removed in future versions of Thymeleaf.
2024-03-12T21:10:09.422+09:00  WARN 7532 --- [http-nio-8080-exec-3] actStandardFragmentInsertionTagProcessor : [THYMELEAF][http-nio-8080-exec-3][/index] Deprecated unwrapped fragment expression "/include/_header.html" found in template /index, line 63, col 15. Please use the complete syntax of fragment expressions instead ("~{/include/_header.html}"). The old, unwrapped syntax for fragment expressions will be removed in future versions of Thymeleaf.
2024-03-12T21:10:09.422+09:00  WARN 7532 --- [http-nio-8080-exec-3] o.t.s.p.StandardIncludeTagProcessor      : [THYMELEAF][http-nio-8080-exec-3][/index] Deprecated attribute {th:include,data-th-include} found in template /index, line 64, col 15. Please use {th:insert,data-th-insert} instead, this deprecated attribute will be removed in future versions of Thymeleaf.
2024-03-12T21:10:09.422+09:00  WARN 7532 --- [http-nio-8080-exec-3] actStandardFragmentInsertionTagProcessor : [THYMELEAF][http-nio-8080-exec-3][/index] Deprecated unwrapped fragment expression "/include/_footer.html" found in template /index, line 64, col 15. Please use the complete syntax of fragment expressions instead ("~{/include/_footer.html}"). The old, unwrapped syntax for fragment expressions will be removed in future versions of Thymeleaf.
2024-03-12T21:10:09.423+09:00  WARN 7532 --- [http-nio-8080-exec-3] actStandardFragmentInsertionTagProcessor : [THYMELEAF][http-nio-8080-exec-3][/index] Deprecated unwrapped fragment expression "/include/_header.html" found in template /index, line 66, col 10. Please use the complete syntax of fragment expressions instead ("~{/include/_header.html}"). The old, unwrapped syntax for fragment expressions will be removed in future versions of Thymeleaf.
2024-03-12T21:10:09.423+09:00  WARN 7532 --- [http-nio-8080-exec-3] actStandardFragmentInsertionTagProcessor : [THYMELEAF][http-nio-8080-exec-3][/index] Deprecated unwrapped fragment expression "/include/_footer.html" found in template /index, line 67, col 10. Please use the complete syntax of fragment expressions instead ("~{/include/_footer.html}"). The old, unwrapped syntax for fragment expressions will be removed in future versions of Thymeleaf.
2024-03-12T21:10:09.423+09:00  WARN 7532 --- [http-nio-8080-exec-3] actStandardFragmentInsertionTagProcessor : [THYMELEAF][http-nio-8080-exec-3][/index] Deprecated unwrapped fragment expression "/include/_header.html" found in template /index, line 69, col 10. Please use the complete syntax of fragment expressions instead ("~{/include/_header.html}"). The old, unwrapped syntax for fragment expressions will be removed in future versions of Thymeleaf.
2024-03-12T21:10:09.423+09:00  WARN 7532 --- [http-nio-8080-exec-3] actStandardFragmentInsertionTagProcessor : [THYMELEAF][http-nio-8080-exec-3][/index] Deprecated unwrapped fragment expression "/include/_footer.html" found in template /index, line 70, col 10. Please use the complete syntax of fragment expressions instead ("~{/include/_footer.html}"). The old, unwrapped syntax for fragment expressions will be removed in future versions of Thymeleaf.
2024-03-12T21:10:09.424+09:00  WARN 7532 --- [http-nio-8080-exec-3] o.t.s.p.StandardIncludeTagProcessor      : [THYMELEAF][http-nio-8080-exec-3][/index] Deprecated attribute {th:include,data-th-include} found in template /index, line 72, col 15. Please use {th:insert,data-th-insert} instead, this deprecated attribute will be removed in future versions of Thymeleaf.
2024-03-12T21:10:09.424+09:00  WARN 7532 --- [http-nio-8080-exec-3] o.t.s.p.StandardIncludeTagProcessor      : [THYMELEAF][http-nio-8080-exec-3][/index] Deprecated attribute {th:include,data-th-include} found in template /index, line 73, col 15. Please use {th:insert,data-th-insert} instead, this deprecated attribute will be removed in future versions of Thymeleaf.
